#
# There is insufficient memory for the Java Runtime Environment to continue.
# Native memory allocation (malloc) failed to allocate 1048576 bytes for AllocateHeap
# Possible reasons:
#   The system is out of physical RAM or swap space
#   The process is running with CompressedOops enabled, and the Java Heap may be blocking the growth of the native heap
# Possible solutions:
#   Reduce memory load on the system
#   Increase physical memory or swap space
#   Check if swap backing store is full
#   Decrease Java heap size (-Xmx/-Xms)
#   Decrease number of Java threads
#   Decrease Java thread stack sizes (-Xss)
#   Set larger code cache with -XX:ReservedCodeCacheSize=
#   JVM is running with Unscaled Compressed Oops mode in which the Java heap is
#     placed in the first 4GB address space. The Java Heap base address is the
#     maximum limit for the native heap growth. Please use -XX:HeapBaseMinAddress
#     to set the Java Heap base and to place the Java Heap above 4GB virtual address.
# This output file may be truncated or incomplete.
#
#  Out of Memory Error (allocation.cpp:44), pid=11964, tid=23724
#
# JRE version: OpenJDK Runtime Environment Temurin-17.0.10+7 (17.0.10+7) (build 17.0.10+7)
# Java VM: OpenJDK 64-Bit Server VM Temurin-17.0.10+7 (17.0.10+7, mixed mode, emulated-client, tiered, compressed oops, compressed class ptrs, g1 gc, windows-amd64)
# No core dump will be written. Minidumps are not enabled by default on client versions of Windows
#

---------------  S U M M A R Y ------------

Command Line: -XX:+HeapDumpOnOutOfMemoryError -Xmx1024m -Dsts.lsp.client=vscode -Dsts.log.file=/dev/null -XX:TieredStopAtLevel=1 -Xlog:jni+resolve=off -Dspring.config.location=file:c:\Users\socia\.vscode\extensions\vmware.vscode-spring-boot-1.53.0\language-server\BOOT-INF\classes\application.properties org.springframework.ide.vscode.boot.app.BootLanguageServerBootApp

Host: AMD Ryzen 5 4600H with Radeon Graphics         , 12 cores, 7G,  Windows 11 , 64 bit Build 22621 (10.0.22621.3374)
Time: Sun Apr  7 21:46:08 2024 India Standard Time elapsed time: 7823.106295 seconds (0d 2h 10m 23s)

---------------  T H R E A D  ---------------

Current thread (0x0000018ed808f3f0):  VMThread "VM Thread" [stack: 0x0000005147f00000,0x0000005148000000] [id=23724]

Stack: [0x0000005147f00000,0x0000005148000000]
Native frames: (J=compiled Java code, j=interpreted, Vv=VM code, C=native code)
V  [jvm.dll+0x67d2c9]
V  [jvm.dll+0x834afa]
V  [jvm.dll+0x8365be]
V  [jvm.dll+0x836c23]
V  [jvm.dll+0x2477ff]
V  [jvm.dll+0xa6c93]
V  [jvm.dll+0x2f8663]
V  [jvm.dll+0x2f42e0]
V  [jvm.dll+0x2dc8c7]
V  [jvm.dll+0x31fb87]
V  [jvm.dll+0x83b11b]
V  [jvm.dll+0x83be61]
V  [jvm.dll+0x83c37d]
V  [jvm.dll+0x83c754]
V  [jvm.dll+0x83c820]
V  [jvm.dll+0x7e3fba]
V  [jvm.dll+0x67c1b5]
C  [ucrtbase.dll+0x29333]
C  [KERNEL32.DLL+0x1257d]
C  [ntdll.dll+0x5aa48]

VM_Operation (0x00000051499fef80): G1CollectFull, mode: safepoint, requested by thread 0x0000018edd09a570


---------------  P R O C E S S  ---------------

Threads class SMR info:
_java_thread_list=0x0000018edddcd7e0, length=19, elements={
0x0000018ed80c02c0, 0x0000018ed80c2060, 0x0000018ed80b2670, 0x0000018ed80b3400,
0x0000018ed80b6cf0, 0x0000018ed80b75c0, 0x0000018ed80e3920, 0x0000018ed8115530,
0x0000018ed83232a0, 0x0000018ed832c7a0, 0x0000018edd09a060, 0x0000018edd09a570,
0x0000018edd09c8e0, 0x0000018edd09d810, 0x0000018edd09aa80, 0x0000018edd09bec0,
0x0000018edd09cdf0, 0x0000018edd09c3d0, 0x0000018ed8d31710
}

Java Threads: ( => current thread )
  0x0000018ed80c02c0 JavaThread "Reference Handler" daemon [_thread_blocked, id=19084, stack(0x0000005148000000,0x0000005148100000)]
  0x0000018ed80c2060 JavaThread "Finalizer" daemon [_thread_blocked, id=2712, stack(0x0000005148100000,0x0000005148200000)]
  0x0000018ed80b2670 JavaThread "Signal Dispatcher" daemon [_thread_blocked, id=26764, stack(0x0000005148200000,0x0000005148300000)]
  0x0000018ed80b3400 JavaThread "Attach Listener" daemon [_thread_blocked, id=20276, stack(0x0000005148300000,0x0000005148400000)]
  0x0000018ed80b6cf0 JavaThread "Service Thread" daemon [_thread_blocked, id=15152, stack(0x0000005148400000,0x0000005148500000)]
  0x0000018ed80b75c0 JavaThread "Monitor Deflation Thread" daemon [_thread_blocked, id=29192, stack(0x0000005148500000,0x0000005148600000)]
  0x0000018ed80e3920 JavaThread "C1 CompilerThread0" daemon [_thread_blocked, id=34808, stack(0x0000005148600000,0x0000005148700000)]
  0x0000018ed8115530 JavaThread "Sweeper thread" daemon [_thread_blocked, id=25592, stack(0x0000005148700000,0x0000005148800000)]
  0x0000018ed83232a0 JavaThread "Notification Thread" daemon [_thread_blocked, id=8724, stack(0x0000005148800000,0x0000005148900000)]
  0x0000018ed832c7a0 JavaThread "Common-Cleaner" daemon [_thread_blocked, id=23904, stack(0x0000005148a00000,0x0000005148b00000)]
  0x0000018edd09a060 JavaThread "boundedElastic-evictor-1" daemon [_thread_blocked, id=33148, stack(0x0000005149100000,0x0000005149200000)]
  0x0000018edd09a570 JavaThread "pool-13-thread-1" [_thread_blocked, id=27872, stack(0x0000005149900000,0x0000005149a00000)]
  0x0000018edd09c8e0 JavaThread "LanguageServerApp-lifecycle" [_thread_blocked, id=19776, stack(0x0000005149a00000,0x0000005149b00000)]
  0x0000018edd09d810 JavaThread "DestroyJavaVM" [_thread_blocked, id=34228, stack(0x0000005147900000,0x0000005147a00000)]
  0x0000018edd09aa80 JavaThread "pool-14-thread-1" [_thread_in_native, id=24132, stack(0x0000005149b00000,0x0000005149c00000)]
  0x0000018edd09bec0 JavaThread "Simple-Language-Server main thread" daemon [_thread_blocked, id=16900, stack(0x0000005149c00000,0x0000005149d00000)]
  0x0000018edd09cdf0 JavaThread "pool-6-thread-1" [_thread_blocked, id=32716, stack(0x000000514a000000,0x000000514a100000)]
  0x0000018edd09c3d0 JavaThread "parallel-1" daemon [_thread_blocked, id=24608, stack(0x000000514a100000,0x000000514a200000)]
  0x0000018ed8d31710 JavaThread "parallel-2" daemon [_thread_blocked, id=12324, stack(0x000000514a200000,0x000000514a300000)]

Other Threads:
=>0x0000018ed808f3f0 VMThread "VM Thread" [stack: 0x0000005147f00000,0x0000005148000000] [id=23724]
  0x0000018ed8190610 WatcherThread [stack: 0x0000005148900000,0x0000005148a00000] [id=27288]
  0x0000018ecce57130 GCTaskThread "GC Thread#0" [stack: 0x0000005147a00000,0x0000005147b00000] [id=34656]
  0x0000018edd106030 GCTaskThread "GC Thread#1" [stack: 0x0000005148c00000,0x0000005148d00000] [id=16280]
  0x0000018edd1553f0 GCTaskThread "GC Thread#2" [stack: 0x0000005148d00000,0x0000005148e00000] [id=30156]
  0x0000018edd1556b0 GCTaskThread "GC Thread#3" [stack: 0x0000005148e00000,0x0000005148f00000] [id=33564]
  0x0000018edd358ab0 GCTaskThread "GC Thread#4" [stack: 0x0000005148f00000,0x0000005149000000] [id=1392]
  0x0000018edd379860 GCTaskThread "GC Thread#5" [stack: 0x0000005149000000,0x0000005149100000] [id=24316]
  0x0000018edd63a850 GCTaskThread "GC Thread#6" [stack: 0x0000005149300000,0x0000005149400000] [id=17556]
  0x0000018edd602cd0 GCTaskThread "GC Thread#7" [stack: 0x0000005149400000,0x0000005149500000] [id=3500]
  0x0000018edd602f90 GCTaskThread "GC Thread#8" [stack: 0x0000005149500000,0x0000005149600000] [id=34592]
  0x0000018edd603250 GCTaskThread "GC Thread#9" [stack: 0x0000005149600000,0x0000005149700000] [id=1428]
  0x0000018ecce5ff90 ConcurrentGCThread "G1 Main Marker" [stack: 0x0000005147b00000,0x0000005147c00000] [id=24588]
  0x0000018ecce608c0 ConcurrentGCThread "G1 Conc#0" [stack: 0x0000005147c00000,0x0000005147d00000] [id=6580]
  0x0000018edd4e3d40 ConcurrentGCThread "G1 Conc#1" [stack: 0x0000005149700000,0x0000005149800000] [id=32260]
  0x0000018edd57faf0 ConcurrentGCThread "G1 Conc#2" [stack: 0x0000005149800000,0x0000005149900000] [id=30628]
  0x0000018ed7f02110 ConcurrentGCThread "G1 Refine#0" [stack: 0x0000005147d00000,0x0000005147e00000] [id=22216]
  0x0000018ed7f03960 ConcurrentGCThread "G1 Service" [stack: 0x0000005147e00000,0x0000005147f00000] [id=11748]

Threads with active compile tasks:

VM state: at safepoint (normal execution)

VM Mutex/Monitor currently owned by a thread:  ([mutex/lock_event])
[0x0000018ecac52580] Threads_lock - owner thread: 0x0000018ed808f3f0
[0x0000018ecac4e6d0] Heap_lock - owner thread: 0x0000018edd09a570

Heap address: 0x00000000c0000000, size: 1024 MB, Compressed Oops mode: 32-bit

CDS archive(s) not mapped
Compressed class space mapped at: 0x0000000100000000-0x0000000140000000, reserved size: 1073741824
Narrow klass base: 0x0000000000000000, Narrow klass shift: 3, Narrow klass range: 0x140000000

GC Precious Log:
 CPUs: 12 total, 12 available
 Memory: 7549M
 Large Page Support: Disabled
 NUMA Support: Disabled
 Compressed Oops: Enabled (32-bit)
 Heap Region Size: 1M
 Heap Min Capacity: 8M
 Heap Initial Capacity: 118M
 Heap Max Capacity: 1G
 Pre-touch: Disabled
 Parallel Workers: 10
 Concurrent Workers: 3
 Concurrent Refinement Workers: 10
 Periodic GC: Disabled

Heap:
 garbage-first heap   total 99328K, used 29437K [0x00000000c0000000, 0x0000000100000000)
  region size 1024K, 1 young (1024K), 0 survivors (0K)
 Metaspace       used 57360K, committed 58048K, reserved 1114112K
  class space    used 7090K, committed 7360K, reserved 1048576K

Heap Regions: E=young(eden), S=young(survivor), O=old, HS=humongous(starts), HC=humongous(continues), CS=collection set, F=free, OA=open archive, CA=closed archive, TAMS=top-at-mark-start (previous, next)
|   0|0x00000000c0000000, 0x00000000c0100000, 0x00000000c0100000|100%|HS|  |TAMS 0x00000000c0100000, 0x00000000c0000000| Untracked 
|   1|0x00000000c0100000, 0x00000000c0200000, 0x00000000c0200000|100%|HC|  |TAMS 0x00000000c0200000, 0x00000000c0100000| Untracked 
|   2|0x00000000c0200000, 0x00000000c0300000, 0x00000000c0300000|100%|HC|  |TAMS 0x00000000c0300000, 0x00000000c0200000| Untracked 
|   3|0x00000000c0300000, 0x00000000c0400000, 0x00000000c0400000|100%|HC|  |TAMS 0x00000000c0400000, 0x00000000c0300000| Untracked 
|   4|0x00000000c0400000, 0x00000000c0500000, 0x00000000c0500000|100%|HS|  |TAMS 0x00000000c0500000, 0x00000000c0400000| Untracked 
|   5|0x00000000c0500000, 0x00000000c0600000, 0x00000000c0600000|100%|HC|  |TAMS 0x00000000c0600000, 0x00000000c0500000| Untracked 
|   6|0x00000000c0600000, 0x00000000c06fffd0, 0x00000000c0700000| 99%| O|  |TAMS 0x00000000c06fffd0, 0x00000000c0600000| Untracked 
|   7|0x00000000c0700000, 0x00000000c07ffff0, 0x00000000c0800000| 99%| O|  |TAMS 0x00000000c07ffff0, 0x00000000c0700000| Untracked 
|   8|0x00000000c0800000, 0x00000000c0900000, 0x00000000c0900000|100%| O|  |TAMS 0x00000000c0900000, 0x00000000c0800000| Untracked 
|   9|0x00000000c0900000, 0x00000000c0a00000, 0x00000000c0a00000|100%| O|  |TAMS 0x00000000c0a00000, 0x00000000c0900000| Untracked 
|  10|0x00000000c0a00000, 0x00000000c0afffb8, 0x00000000c0b00000| 99%| O|  |TAMS 0x00000000c0afffb8, 0x00000000c0a00000| Untracked 
|  11|0x00000000c0b00000, 0x00000000c0bfffe0, 0x00000000c0c00000| 99%| O|  |TAMS 0x00000000c0bfffe0, 0x00000000c0b00000| Untracked 
|  12|0x00000000c0c00000, 0x00000000c0cfffd0, 0x00000000c0d00000| 99%| O|  |TAMS 0x00000000c0cfffd0, 0x00000000c0c00000| Untracked 
|  13|0x00000000c0d00000, 0x00000000c0e00000, 0x00000000c0e00000|100%| O|  |TAMS 0x00000000c0e00000, 0x00000000c0d00000| Untracked 
|  14|0x00000000c0e00000, 0x00000000c0f00000, 0x00000000c0f00000|100%| O|  |TAMS 0x00000000c0f00000, 0x00000000c0e00000| Untracked 
|  15|0x00000000c0f00000, 0x00000000c0ffffd8, 0x00000000c1000000| 99%| O|  |TAMS 0x00000000c0ffffd8, 0x00000000c0f00000| Untracked 
|  16|0x00000000c1000000, 0x00000000c10ffff0, 0x00000000c1100000| 99%| O|  |TAMS 0x00000000c10ffff0, 0x00000000c1000000| Untracked 
|  17|0x00000000c1100000, 0x00000000c11ffff0, 0x00000000c1200000| 99%| O|  |TAMS 0x00000000c11ffff0, 0x00000000c1100000| Untracked 
|  18|0x00000000c1200000, 0x00000000c12fffb8, 0x00000000c1300000| 99%| O|  |TAMS 0x00000000c12fffb8, 0x00000000c1200000| Untracked 
|  19|0x00000000c1300000, 0x00000000c13ffff8, 0x00000000c1400000| 99%| O|  |TAMS 0x00000000c13ffff8, 0x00000000c1300000| Untracked 
|  20|0x00000000c1400000, 0x00000000c14fff98, 0x00000000c1500000| 99%| O|  |TAMS 0x00000000c14fff98, 0x00000000c1400000| Untracked 
|  21|0x00000000c1500000, 0x00000000c15ffff8, 0x00000000c1600000| 99%| O|  |TAMS 0x00000000c15ffff8, 0x00000000c1500000| Untracked 
|  22|0x00000000c1600000, 0x00000000c16fffa0, 0x00000000c1700000| 99%| O|  |TAMS 0x00000000c16fffa0, 0x00000000c1600000| Untracked 
|  23|0x00000000c1700000, 0x00000000c17fffe8, 0x00000000c1800000| 99%| O|  |TAMS 0x00000000c17fffe8, 0x00000000c1700000| Untracked 
|  24|0x00000000c1800000, 0x00000000c18ffa28, 0x00000000c1900000| 99%| O|  |TAMS 0x00000000c18ffa28, 0x00000000c1800000| Untracked 
|  25|0x00000000c1900000, 0x00000000c19ffcd8, 0x00000000c1a00000| 99%| O|  |TAMS 0x00000000c19ffcd8, 0x00000000c1900000| Untracked 
|  26|0x00000000c1a00000, 0x00000000c1affff8, 0x00000000c1b00000| 99%| O|  |TAMS 0x00000000c1affff8, 0x00000000c1a00000| Untracked 
|  27|0x00000000c1b00000, 0x00000000c1bbb798, 0x00000000c1c00000| 73%| O|  |TAMS 0x00000000c1b00000, 0x00000000c1b00000| Untracked 
|  28|0x00000000c1c00000, 0x00000000c1cfffe8, 0x00000000c1d00000| 99%| O|  |TAMS 0x00000000c1cfffe8, 0x00000000c1c00000| Untracked 
|  29|0x00000000c1d00000, 0x00000000c1d04b38, 0x00000000c1e00000|  1%| O|  |TAMS 0x00000000c1d00000, 0x00000000c1d00000| Untracked 
|  30|0x00000000c1e00000, 0x00000000c1e00000, 0x00000000c1f00000|  0%| F|  |TAMS 0x00000000c1e00000, 0x00000000c1e00000| Untracked 
|  31|0x00000000c1f00000, 0x00000000c1f00000, 0x00000000c2000000|  0%| F|  |TAMS 0x00000000c1f00000, 0x00000000c1f00000| Untracked 
|  32|0x00000000c2000000, 0x00000000c2000000, 0x00000000c2100000|  0%| F|  |TAMS 0x00000000c2000000, 0x00000000c2000000| Untracked 
|  33|0x00000000c2100000, 0x00000000c2100000, 0x00000000c2200000|  0%| F|  |TAMS 0x00000000c2100000, 0x00000000c2100000| Untracked 
|  34|0x00000000c2200000, 0x00000000c2200000, 0x00000000c2300000|  0%| F|  |TAMS 0x00000000c2200000, 0x00000000c2200000| Untracked 
|  35|0x00000000c2300000, 0x00000000c2300000, 0x00000000c2400000|  0%| F|  |TAMS 0x00000000c2300000, 0x00000000c2300000| Untracked 
|  36|0x00000000c2400000, 0x00000000c2400000, 0x00000000c2500000|  0%| F|  |TAMS 0x00000000c2400000, 0x00000000c2400000| Untracked 
|  37|0x00000000c2500000, 0x00000000c2500000, 0x00000000c2600000|  0%| F|  |TAMS 0x00000000c2500000, 0x00000000c2500000| Untracked 
|  38|0x00000000c2600000, 0x00000000c2600000, 0x00000000c2700000|  0%| F|  |TAMS 0x00000000c2600000, 0x00000000c2600000| Untracked 
|  39|0x00000000c2700000, 0x00000000c2700000, 0x00000000c2800000|  0%| F|  |TAMS 0x00000000c2700000, 0x00000000c2700000| Untracked 
|  40|0x00000000c2800000, 0x00000000c2800000, 0x00000000c2900000|  0%| F|  |TAMS 0x00000000c2800000, 0x00000000c2800000| Untracked 
|  41|0x00000000c2900000, 0x00000000c2900000, 0x00000000c2a00000|  0%| F|  |TAMS 0x00000000c2900000, 0x00000000c2900000| Untracked 
|  42|0x00000000c2a00000, 0x00000000c2a00000, 0x00000000c2b00000|  0%| F|  |TAMS 0x00000000c2a00000, 0x00000000c2a00000| Untracked 
|  43|0x00000000c2b00000, 0x00000000c2b00000, 0x00000000c2c00000|  0%| F|  |TAMS 0x00000000c2b00000, 0x00000000c2b00000| Untracked 
|  44|0x00000000c2c00000, 0x00000000c2c00000, 0x00000000c2d00000|  0%| F|  |TAMS 0x00000000c2c00000, 0x00000000c2c00000| Untracked 
|  45|0x00000000c2d00000, 0x00000000c2d00000, 0x00000000c2e00000|  0%| F|  |TAMS 0x00000000c2d00000, 0x00000000c2d00000| Untracked 
|  46|0x00000000c2e00000, 0x00000000c2e00000, 0x00000000c2f00000|  0%| F|  |TAMS 0x00000000c2e00000, 0x00000000c2e00000| Untracked 
|  47|0x00000000c2f00000, 0x00000000c2f00000, 0x00000000c3000000|  0%| F|  |TAMS 0x00000000c2f00000, 0x00000000c2f00000| Untracked 
|  48|0x00000000c3000000, 0x00000000c3000000, 0x00000000c3100000|  0%| F|  |TAMS 0x00000000c3000000, 0x00000000c3000000| Untracked 
|  49|0x00000000c3100000, 0x00000000c3100000, 0x00000000c3200000|  0%| F|  |TAMS 0x00000000c3100000, 0x00000000c3100000| Untracked 
|  50|0x00000000c3200000, 0x00000000c3200000, 0x00000000c3300000|  0%| F|  |TAMS 0x00000000c3200000, 0x00000000c3200000| Untracked 
|  51|0x00000000c3300000, 0x00000000c3300000, 0x00000000c3400000|  0%| F|  |TAMS 0x00000000c3300000, 0x00000000c3300000| Untracked 
|  52|0x00000000c3400000, 0x00000000c3400000, 0x00000000c3500000|  0%| F|  |TAMS 0x00000000c3400000, 0x00000000c3400000| Untracked 
|  53|0x00000000c3500000, 0x00000000c3500000, 0x00000000c3600000|  0%| F|  |TAMS 0x00000000c3500000, 0x00000000c3500000| Untracked 
|  54|0x00000000c3600000, 0x00000000c3600000, 0x00000000c3700000|  0%| F|  |TAMS 0x00000000c3600000, 0x00000000c3600000| Untracked 
|  55|0x00000000c3700000, 0x00000000c3700000, 0x00000000c3800000|  0%| F|  |TAMS 0x00000000c3700000, 0x00000000c3700000| Untracked 
|  56|0x00000000c3800000, 0x00000000c3800000, 0x00000000c3900000|  0%| F|  |TAMS 0x00000000c3800000, 0x00000000c3800000| Untracked 
|  57|0x00000000c3900000, 0x00000000c3900000, 0x00000000c3a00000|  0%| F|  |TAMS 0x00000000c3900000, 0x00000000c3900000| Untracked 
|  58|0x00000000c3a00000, 0x00000000c3a00000, 0x00000000c3b00000|  0%| F|  |TAMS 0x00000000c3a00000, 0x00000000c3a00000| Untracked 
|  59|0x00000000c3b00000, 0x00000000c3b00000, 0x00000000c3c00000|  0%| F|  |TAMS 0x00000000c3b00000, 0x00000000c3b00000| Untracked 
|  60|0x00000000c3c00000, 0x00000000c3c00000, 0x00000000c3d00000|  0%| F|  |TAMS 0x00000000c3c00000, 0x00000000c3c00000| Untracked 
|  61|0x00000000c3d00000, 0x00000000c3d00000, 0x00000000c3e00000|  0%| F|  |TAMS 0x00000000c3d00000, 0x00000000c3d00000| Untracked 
|  62|0x00000000c3e00000, 0x00000000c3e00000, 0x00000000c3f00000|  0%| F|  |TAMS 0x00000000c3e00000, 0x00000000c3e00000| Untracked 
|  63|0x00000000c3f00000, 0x00000000c3f00000, 0x00000000c4000000|  0%| F|  |TAMS 0x00000000c3f00000, 0x00000000c3f00000| Untracked 
|  64|0x00000000c4000000, 0x00000000c4000000, 0x00000000c4100000|  0%| F|  |TAMS 0x00000000c4000000, 0x00000000c4000000| Untracked 
|  65|0x00000000c4100000, 0x00000000c4100000, 0x00000000c4200000|  0%| F|  |TAMS 0x00000000c4100000, 0x00000000c4100000| Untracked 
|  66|0x00000000c4200000, 0x00000000c4200000, 0x00000000c4300000|  0%| F|  |TAMS 0x00000000c4200000, 0x00000000c4200000| Untracked 
|  67|0x00000000c4300000, 0x00000000c4300000, 0x00000000c4400000|  0%| F|  |TAMS 0x00000000c4300000, 0x00000000c4300000| Untracked 
|  68|0x00000000c4400000, 0x00000000c4400000, 0x00000000c4500000|  0%| F|  |TAMS 0x00000000c4400000, 0x00000000c4400000| Untracked 
|  69|0x00000000c4500000, 0x00000000c4500000, 0x00000000c4600000|  0%| F|  |TAMS 0x00000000c4500000, 0x00000000c4500000| Untracked 
|  70|0x00000000c4600000, 0x00000000c4600000, 0x00000000c4700000|  0%| F|  |TAMS 0x00000000c4600000, 0x00000000c4600000| Untracked 
|  71|0x00000000c4700000, 0x00000000c4700000, 0x00000000c4800000|  0%| F|  |TAMS 0x00000000c4700000, 0x00000000c4700000| Untracked 
|  72|0x00000000c4800000, 0x00000000c4800000, 0x00000000c4900000|  0%| F|  |TAMS 0x00000000c4800000, 0x00000000c4800000| Untracked 
|  73|0x00000000c4900000, 0x00000000c4900000, 0x00000000c4a00000|  0%| F|  |TAMS 0x00000000c4900000, 0x00000000c4900000| Untracked 
|  74|0x00000000c4a00000, 0x00000000c4a00000, 0x00000000c4b00000|  0%| F|  |TAMS 0x00000000c4a00000, 0x00000000c4a00000| Untracked 
|  75|0x00000000c4b00000, 0x00000000c4b00000, 0x00000000c4c00000|  0%| F|  |TAMS 0x00000000c4b00000, 0x00000000c4b00000| Untracked 
|  76|0x00000000c4c00000, 0x00000000c4c00000, 0x00000000c4d00000|  0%| F|  |TAMS 0x00000000c4c00000, 0x00000000c4c00000| Untracked 
|  77|0x00000000c4d00000, 0x00000000c4d00000, 0x00000000c4e00000|  0%| F|  |TAMS 0x00000000c4d00000, 0x00000000c4d00000| Untracked 
|  78|0x00000000c4e00000, 0x00000000c4e00000, 0x00000000c4f00000|  0%| F|  |TAMS 0x00000000c4e00000, 0x00000000c4e00000| Untracked 
|  79|0x00000000c4f00000, 0x00000000c4f00000, 0x00000000c5000000|  0%| F|  |TAMS 0x00000000c4f00000, 0x00000000c4f00000| Untracked 
|  80|0x00000000c5000000, 0x00000000c5000000, 0x00000000c5100000|  0%| F|  |TAMS 0x00000000c5000000, 0x00000000c5000000| Untracked 
|  81|0x00000000c5100000, 0x00000000c5100000, 0x00000000c5200000|  0%| F|  |TAMS 0x00000000c5100000, 0x00000000c5100000| Untracked 
|  82|0x00000000c5200000, 0x00000000c5200000, 0x00000000c5300000|  0%| F|  |TAMS 0x00000000c5200000, 0x00000000c5200000| Untracked 
|  83|0x00000000c5300000, 0x00000000c5300000, 0x00000000c5400000|  0%| F|  |TAMS 0x00000000c5300000, 0x00000000c5300000| Untracked 
|  84|0x00000000c5400000, 0x00000000c5400000, 0x00000000c5500000|  0%| F|  |TAMS 0x00000000c5400000, 0x00000000c5400000| Untracked 
|  85|0x00000000c5500000, 0x00000000c5500000, 0x00000000c5600000|  0%| F|  |TAMS 0x00000000c5500000, 0x00000000c5500000| Untracked 
|  86|0x00000000c5600000, 0x00000000c5600000, 0x00000000c5700000|  0%| F|  |TAMS 0x00000000c5600000, 0x00000000c5600000| Untracked 
|  87|0x00000000c5700000, 0x00000000c5700000, 0x00000000c5800000|  0%| F|  |TAMS 0x00000000c5700000, 0x00000000c5700000| Untracked 
|  88|0x00000000c5800000, 0x00000000c5800000, 0x00000000c5900000|  0%| F|  |TAMS 0x00000000c5800000, 0x00000000c5800000| Untracked 
|  89|0x00000000c5900000, 0x00000000c5900000, 0x00000000c5a00000|  0%| F|  |TAMS 0x00000000c5900000, 0x00000000c5900000| Untracked 
|  90|0x00000000c5a00000, 0x00000000c5a00000, 0x00000000c5b00000|  0%| F|  |TAMS 0x00000000c5a00000, 0x00000000c5a00000| Untracked 
|  91|0x00000000c5b00000, 0x00000000c5b00000, 0x00000000c5c00000|  0%| F|  |TAMS 0x00000000c5b00000, 0x00000000c5b00000| Untracked 
|  92|0x00000000c5c00000, 0x00000000c5c00000, 0x00000000c5d00000|  0%| F|  |TAMS 0x00000000c5c00000, 0x00000000c5c00000| Untracked 
|  93|0x00000000c5d00000, 0x00000000c5d00000, 0x00000000c5e00000|  0%| F|  |TAMS 0x00000000c5d00000, 0x00000000c5d00000| Untracked 
|  94|0x00000000c5e00000, 0x00000000c5e00000, 0x00000000c5f00000|  0%| F|  |TAMS 0x00000000c5e00000, 0x00000000c5e00000| Untracked 
|  95|0x00000000c5f00000, 0x00000000c5f00000, 0x00000000c6000000|  0%| F|  |TAMS 0x00000000c5f00000, 0x00000000c5f00000| Untracked 
|  96|0x00000000c6000000, 0x00000000c6028c78, 0x00000000c6100000| 15%| E|  |TAMS 0x00000000c6000000, 0x00000000c6000000| Complete 

Card table byte_map: [0x0000018ed2fd0000,0x0000018ed31d0000] _byte_map_base: 0x0000018ed29d0000

Marking Bits (Prev, Next): (CMBitMap*) 0x0000018ecce576a0, (CMBitMap*) 0x0000018ecce57660
 Prev Bits: [0x0000018ed43d0000, 0x0000018ed53d0000)
 Next Bits: [0x0000018ed33d0000, 0x0000018ed43d0000)

Polling page: 0x0000018ecadd0000

Metaspace:

Usage:
  Non-class:     49.09 MB used.
      Class:      6.92 MB used.
       Both:     56.02 MB used.

Virtual space:
  Non-class space:       64.00 MB reserved,      49.50 MB ( 77%) committed,  1 nodes.
      Class space:        1.00 GB reserved,       7.19 MB ( <1%) committed,  1 nodes.
             Both:        1.06 GB reserved,      56.69 MB (  5%) committed. 

Chunk freelists:
   Non-Class:  13.84 MB
       Class:  8.80 MB
        Both:  22.64 MB

MaxMetaspaceSize: unlimited
CompressedClassSpaceSize: 1.00 GB
Initial GC threshold: 21.00 MB
Current GC threshold: 94.38 MB
CDS: off
MetaspaceReclaimPolicy: balanced
 - commit_granule_bytes: 65536.
 - commit_granule_words: 8192.
 - virtual_space_node_default_size: 8388608.
 - enlarge_chunks_in_place: 1.
 - new_chunks_are_fully_committed: 0.
 - uncommit_free_chunks: 1.
 - use_allocation_guard: 0.
 - handle_deallocations: 1.


Internal statistics:

num_allocs_failed_limit: 8.
num_arena_births: 610.
num_arena_deaths: 216.
num_vsnodes_births: 2.
num_vsnodes_deaths: 0.
num_space_committed: 907.
num_space_uncommitted: 0.
num_chunks_returned_to_freelist: 259.
num_chunks_taken_from_freelist: 2366.
num_chunk_merges: 88.
num_chunk_splits: 1679.
num_chunks_enlarged: 1294.
num_inconsistent_stats: 0.

CodeCache: size=49152Kb used=10273Kb max_used=10798Kb free=38878Kb
 bounds [0x0000018ecfaa0000, 0x0000018ed0530000, 0x0000018ed2aa0000]
 total_blobs=6271 nmethods=5610 adapters=586
 compilation: enabled
              stopped_count=0, restarted_count=0
 full_count=0

Compilation events (20 events):
Event: 7338.143 Thread 0x0000018ed80e3920 5601       1       java.util.stream.Nodes$ArrayNode::asArray (25 bytes)
Event: 7338.144 Thread 0x0000018ed80e3920 nmethod 5601 0x0000018ecff7a790 code [0x0000018ecff7a920, 0x0000018ecff7aa88]
Event: 7340.036 Thread 0x0000018ed80e3920 5602       1       java.util.stream.FindOps$FindOp::getOpFlags (5 bytes)
Event: 7340.036 Thread 0x0000018ed80e3920 nmethod 5602 0x0000018ecff7a490 code [0x0000018ecff7a620, 0x0000018ecff7a6f8]
Event: 7429.676 Thread 0x0000018ed80e3920 5603       1       com.google.gson.stream.JsonReader::peekNumber (480 bytes)
Event: 7429.680 Thread 0x0000018ed80e3920 nmethod 5603 0x0000018ecff79a90 code [0x0000018ecff79c80, 0x0000018ecff7a318]
Event: 7429.681 Thread 0x0000018ed80e3920 5606       1       java.net.URI::isAbsolute (13 bytes)
Event: 7429.681 Thread 0x0000018ed80e3920 nmethod 5606 0x0000018ecff79790 code [0x0000018ecff79920, 0x0000018ecff799f8]
Event: 7429.682 Thread 0x0000018ed80e3920 5604       1       java.lang.StackStreamFactory$FrameBuffer::startIndex (2 bytes)
Event: 7429.682 Thread 0x0000018ed80e3920 nmethod 5604 0x0000018ecff79490 code [0x0000018ecff79620, 0x0000018ecff796f8]
Event: 7429.682 Thread 0x0000018ed80e3920 5605       1       java.lang.StackStreamFactory$StackFrameTraverser$StackFrameBuffer::frames (5 bytes)
Event: 7429.690 Thread 0x0000018ed80e3920 nmethod 5605 0x0000018ecff79190 code [0x0000018ecff79320, 0x0000018ecff793f8]
Event: 7491.507 Thread 0x0000018ed80e3920 5607   !   1       com.google.gson.stream.JsonReader::nextInt (355 bytes)
Event: 7491.546 Thread 0x0000018ed80e3920 nmethod 5607 0x0000018ecff77610 code [0x0000018ecff779a0, 0x0000018ecff78928]
Event: 7491.546 Thread 0x0000018ed80e3920 5608       1       java.math.BigDecimal::longMultiplyPowerTen (69 bytes)
Event: 7491.547 Thread 0x0000018ed80e3920 nmethod 5608 0x0000018ecff77190 code [0x0000018ecff77340, 0x0000018ecff77538]
Event: 7491.547 Thread 0x0000018ed80e3920 5609       1       java.time.LocalDate::<init> (22 bytes)
Event: 7491.548 Thread 0x0000018ed80e3920 nmethod 5609 0x0000018ecff76e90 code [0x0000018ecff77020, 0x0000018ecff770f8]
Event: 7491.548 Thread 0x0000018ed80e3920 5610       1       java.time.LocalDateTime::<init> (15 bytes)
Event: 7491.551 Thread 0x0000018ed80e3920 nmethod 5610 0x0000018ecff76b10 code [0x0000018ecff76ca0, 0x0000018ecff76df8]

GC Heap History (20 events):
Event: 7720.895 GC heap before
{Heap before GC invocations=610 (full 596):
 garbage-first heap   total 99328K, used 29437K [0x00000000c0000000, 0x0000000100000000)
  region size 1024K, 1 young (1024K), 0 survivors (0K)
 Metaspace       used 57360K, committed 58048K, reserved 1114112K
  class space    used 7090K, committed 7360K, reserved 1048576K
}
Event: 7720.924 GC heap after
{Heap after GC invocations=611 (full 597):
 garbage-first heap   total 99328K, used 29437K [0x00000000c0000000, 0x0000000100000000)
  region size 1024K, 0 young (0K), 0 survivors (0K)
 Metaspace       used 57360K, committed 58048K, reserved 1114112K
  class space    used 7090K, committed 7360K, reserved 1048576K
}
Event: 7731.283 GC heap before
{Heap before GC invocations=611 (full 597):
 garbage-first heap   total 99328K, used 29437K [0x00000000c0000000, 0x0000000100000000)
  region size 1024K, 1 young (1024K), 0 survivors (0K)
 Metaspace       used 57360K, committed 58048K, reserved 1114112K
  class space    used 7090K, committed 7360K, reserved 1048576K
}
Event: 7731.307 GC heap after
{Heap after GC invocations=612 (full 598):
 garbage-first heap   total 99328K, used 29437K [0x00000000c0000000, 0x0000000100000000)
  region size 1024K, 0 young (0K), 0 survivors (0K)
 Metaspace       used 57360K, committed 58048K, reserved 1114112K
  class space    used 7090K, committed 7360K, reserved 1048576K
}
Event: 7741.530 GC heap before
{Heap before GC invocations=612 (full 598):
 garbage-first heap   total 99328K, used 29437K [0x00000000c0000000, 0x0000000100000000)
  region size 1024K, 1 young (1024K), 0 survivors (0K)
 Metaspace       used 57360K, committed 58048K, reserved 1114112K
  class space    used 7090K, committed 7360K, reserved 1048576K
}
Event: 7741.561 GC heap after
{Heap after GC invocations=613 (full 599):
 garbage-first heap   total 99328K, used 29437K [0x00000000c0000000, 0x0000000100000000)
  region size 1024K, 0 young (0K), 0 survivors (0K)
 Metaspace       used 57360K, committed 58048K, reserved 1114112K
  class space    used 7090K, committed 7360K, reserved 1048576K
}
Event: 7751.756 GC heap before
{Heap before GC invocations=613 (full 599):
 garbage-first heap   total 99328K, used 29437K [0x00000000c0000000, 0x0000000100000000)
  region size 1024K, 1 young (1024K), 0 survivors (0K)
 Metaspace       used 57360K, committed 58048K, reserved 1114112K
  class space    used 7090K, committed 7360K, reserved 1048576K
}
Event: 7751.778 GC heap after
{Heap after GC invocations=614 (full 600):
 garbage-first heap   total 99328K, used 29437K [0x00000000c0000000, 0x0000000100000000)
  region size 1024K, 0 young (0K), 0 survivors (0K)
 Metaspace       used 57360K, committed 58048K, reserved 1114112K
  class space    used 7090K, committed 7360K, reserved 1048576K
}
Event: 7761.953 GC heap before
{Heap before GC invocations=614 (full 600):
 garbage-first heap   total 99328K, used 29437K [0x00000000c0000000, 0x0000000100000000)
  region size 1024K, 1 young (1024K), 0 survivors (0K)
 Metaspace       used 57360K, committed 58048K, reserved 1114112K
  class space    used 7090K, committed 7360K, reserved 1048576K
}
Event: 7761.975 GC heap after
{Heap after GC invocations=615 (full 601):
 garbage-first heap   total 99328K, used 29437K [0x00000000c0000000, 0x0000000100000000)
  region size 1024K, 0 young (0K), 0 survivors (0K)
 Metaspace       used 57360K, committed 58048K, reserved 1114112K
  class space    used 7090K, committed 7360K, reserved 1048576K
}
Event: 7772.143 GC heap before
{Heap before GC invocations=615 (full 601):
 garbage-first heap   total 99328K, used 29437K [0x00000000c0000000, 0x0000000100000000)
  region size 1024K, 1 young (1024K), 0 survivors (0K)
 Metaspace       used 57360K, committed 58048K, reserved 1114112K
  class space    used 7090K, committed 7360K, reserved 1048576K
}
Event: 7772.166 GC heap after
{Heap after GC invocations=616 (full 602):
 garbage-first heap   total 99328K, used 29437K [0x00000000c0000000, 0x0000000100000000)
  region size 1024K, 0 young (0K), 0 survivors (0K)
 Metaspace       used 57360K, committed 58048K, reserved 1114112K
  class space    used 7090K, committed 7360K, reserved 1048576K
}
Event: 7782.375 GC heap before
{Heap before GC invocations=616 (full 602):
 garbage-first heap   total 99328K, used 29437K [0x00000000c0000000, 0x0000000100000000)
  region size 1024K, 1 young (1024K), 0 survivors (0K)
 Metaspace       used 57360K, committed 58048K, reserved 1114112K
  class space    used 7090K, committed 7360K, reserved 1048576K
}
Event: 7782.410 GC heap after
{Heap after GC invocations=617 (full 603):
 garbage-first heap   total 99328K, used 29437K [0x00000000c0000000, 0x0000000100000000)
  region size 1024K, 0 young (0K), 0 survivors (0K)
 Metaspace       used 57360K, committed 58048K, reserved 1114112K
  class space    used 7090K, committed 7360K, reserved 1048576K
}
Event: 7792.612 GC heap before
{Heap before GC invocations=617 (full 603):
 garbage-first heap   total 99328K, used 29437K [0x00000000c0000000, 0x0000000100000000)
  region size 1024K, 1 young (1024K), 0 survivors (0K)
 Metaspace       used 57360K, committed 58048K, reserved 1114112K
  class space    used 7090K, committed 7360K, reserved 1048576K
}
Event: 7792.635 GC heap after
{Heap after GC invocations=618 (full 604):
 garbage-first heap   total 99328K, used 29437K [0x00000000c0000000, 0x0000000100000000)
  region size 1024K, 0 young (0K), 0 survivors (0K)
 Metaspace       used 57360K, committed 58048K, reserved 1114112K
  class space    used 7090K, committed 7360K, reserved 1048576K
}
Event: 7802.814 GC heap before
{Heap before GC invocations=618 (full 604):
 garbage-first heap   total 99328K, used 29437K [0x00000000c0000000, 0x0000000100000000)
  region size 1024K, 1 young (1024K), 0 survivors (0K)
 Metaspace       used 57360K, committed 58048K, reserved 1114112K
  class space    used 7090K, committed 7360K, reserved 1048576K
}
Event: 7802.839 GC heap after
{Heap after GC invocations=619 (full 605):
 garbage-first heap   total 99328K, used 29437K [0x00000000c0000000, 0x0000000100000000)
  region size 1024K, 0 young (0K), 0 survivors (0K)
 Metaspace       used 57360K, committed 58048K, reserved 1114112K
  class space    used 7090K, committed 7360K, reserved 1048576K
}
Event: 7813.035 GC heap before
{Heap before GC invocations=619 (full 605):
 garbage-first heap   total 99328K, used 29437K [0x00000000c0000000, 0x0000000100000000)
  region size 1024K, 1 young (1024K), 0 survivors (0K)
 Metaspace       used 57360K, committed 58048K, reserved 1114112K
  class space    used 7090K, committed 7360K, reserved 1048576K
}
Event: 7813.059 GC heap after
{Heap after GC invocations=620 (full 606):
 garbage-first heap   total 99328K, used 29437K [0x00000000c0000000, 0x0000000100000000)
  region size 1024K, 0 young (0K), 0 survivors (0K)
 Metaspace       used 57360K, committed 58048K, reserved 1114112K
  class space    used 7090K, committed 7360K, reserved 1048576K
}

Dll operation events (10 events):
Event: 0.015 Loaded shared library c:\Users\socia\.vscode\extensions\redhat.java-1.29.0-win32-x64\jre\17.0.10-win32-x86_64\bin\java.dll
Event: 0.727 Loaded shared library C:\Users\socia\.vscode\extensions\redhat.java-1.29.0-win32-x64\jre\17.0.10-win32-x86_64\bin\net.dll
Event: 0.733 Loaded shared library C:\Users\socia\.vscode\extensions\redhat.java-1.29.0-win32-x64\jre\17.0.10-win32-x86_64\bin\nio.dll
Event: 0.762 Loaded shared library C:\Users\socia\.vscode\extensions\redhat.java-1.29.0-win32-x64\jre\17.0.10-win32-x86_64\bin\zip.dll
Event: 1.494 Loaded shared library C:\Users\socia\.vscode\extensions\redhat.java-1.29.0-win32-x64\jre\17.0.10-win32-x86_64\bin\jimage.dll
Event: 3.582 Loaded shared library c:\Users\socia\.vscode\extensions\redhat.java-1.29.0-win32-x64\jre\17.0.10-win32-x86_64\bin\verify.dll
Event: 7.206 Loaded shared library C:\Users\socia\.vscode\extensions\redhat.java-1.29.0-win32-x64\jre\17.0.10-win32-x86_64\bin\management.dll
Event: 7.212 Loaded shared library C:\Users\socia\.vscode\extensions\redhat.java-1.29.0-win32-x64\jre\17.0.10-win32-x86_64\bin\management_ext.dll
Event: 8.859 Loaded shared library C:\Users\socia\.vscode\extensions\redhat.java-1.29.0-win32-x64\jre\17.0.10-win32-x86_64\bin\sunmscapi.dll
Event: 9.316 Loaded shared library C:\Users\socia\.vscode\extensions\redhat.java-1.29.0-win32-x64\jre\17.0.10-win32-x86_64\bin\extnet.dll

Deoptimization events (8 events):
Event: 7.649 Thread 0x0000018edd09aa80 DEOPT PACKING pc=0x0000018ecffcaa01 sp=0x0000005149bfdeb0
Event: 7.649 Thread 0x0000018edd09aa80 DEOPT UNPACKING pc=0x0000018ecfaf7143 sp=0x0000005149bfd340 mode 3
Event: 7.663 Thread 0x0000018edd09bec0 DEOPT PACKING pc=0x0000018ecffa8b97 sp=0x0000005149cff3b0
Event: 7.663 Thread 0x0000018edd09bec0 DEOPT UNPACKING pc=0x0000018ecfaf7143 sp=0x0000005149cfe808 mode 3
Event: 9.028 Thread 0x0000018ed8d2fdc0 DEOPT PACKING pc=0x0000018ecfbf910c sp=0x000000514a4facb0
Event: 9.028 Thread 0x0000018ed8d2fdc0 DEOPT UNPACKING pc=0x0000018ecfaf7143 sp=0x000000514a4fa178 mode 0
Event: 430.734 Thread 0x0000018edd09aa80 DEOPT PACKING pc=0x0000018ed00a1f54 sp=0x0000005149bff1b0
Event: 430.737 Thread 0x0000018edd09aa80 DEOPT UNPACKING pc=0x0000018ecfaf7143 sp=0x0000005149bfe658 mode 0

Classes unloaded (20 events):
Event: 110.099 Thread 0x0000018ed808f3f0 Unloading class 0x00000001003a5400 'java/lang/invoke/LambdaForm$MH+0x00000001003a5400'
Event: 110.099 Thread 0x0000018ed808f3f0 Unloading class 0x00000001003a5000 'java/lang/invoke/LambdaForm$MH+0x00000001003a5000'
Event: 110.099 Thread 0x0000018ed808f3f0 Unloading class 0x0000000100096000 'java/lang/invoke/LambdaForm$MH+0x0000000100096000'
Event: 110.099 Thread 0x0000018ed808f3f0 Unloading class 0x0000000100095c00 'java/lang/invoke/LambdaForm$MH+0x0000000100095c00'
Event: 110.099 Thread 0x0000018ed808f3f0 Unloading class 0x0000000100095800 'java/lang/invoke/LambdaForm$MH+0x0000000100095800'
Event: 110.099 Thread 0x0000018ed808f3f0 Unloading class 0x0000000100095400 'java/lang/invoke/LambdaForm$MH+0x0000000100095400'
Event: 110.099 Thread 0x0000018ed808f3f0 Unloading class 0x0000000100095000 'java/lang/invoke/LambdaForm$MH+0x0000000100095000'
Event: 110.099 Thread 0x0000018ed808f3f0 Unloading class 0x0000000100094c00 'java/lang/invoke/LambdaForm$MH+0x0000000100094c00'
Event: 110.099 Thread 0x0000018ed808f3f0 Unloading class 0x0000000100094800 'java/lang/invoke/LambdaForm$MH+0x0000000100094800'
Event: 110.099 Thread 0x0000018ed808f3f0 Unloading class 0x0000000100094400 'java/lang/invoke/LambdaForm$MH+0x0000000100094400'
Event: 110.099 Thread 0x0000018ed808f3f0 Unloading class 0x000000010008e800 'java/lang/invoke/LambdaForm$MH+0x000000010008e800'
Event: 110.099 Thread 0x0000018ed808f3f0 Unloading class 0x000000010008e400 'java/lang/invoke/LambdaForm$MH+0x000000010008e400'
Event: 110.099 Thread 0x0000018ed808f3f0 Unloading class 0x000000010008e000 'java/lang/invoke/LambdaForm$MH+0x000000010008e000'
Event: 110.099 Thread 0x0000018ed808f3f0 Unloading class 0x000000010008dc00 'java/lang/invoke/LambdaForm$MH+0x000000010008dc00'
Event: 110.099 Thread 0x0000018ed808f3f0 Unloading class 0x000000010008d800 'java/lang/invoke/LambdaForm$MH+0x000000010008d800'
Event: 110.100 Thread 0x0000018ed808f3f0 Unloading class 0x000000010008d400 'java/lang/invoke/LambdaForm$MH+0x000000010008d400'
Event: 110.100 Thread 0x0000018ed808f3f0 Unloading class 0x000000010008cc00 'java/lang/invoke/LambdaForm$MH+0x000000010008cc00'
Event: 110.100 Thread 0x0000018ed808f3f0 Unloading class 0x000000010008c800 'java/lang/invoke/LambdaForm$MH+0x000000010008c800'
Event: 110.100 Thread 0x0000018ed808f3f0 Unloading class 0x000000010008c000 'java/lang/invoke/LambdaForm$MH+0x000000010008c000'
Event: 110.100 Thread 0x0000018ed808f3f0 Unloading class 0x000000010008bc00 'java/lang/invoke/LambdaForm$MH+0x000000010008bc00'

Classes redefined (0 events):
No events

Internal exceptions (20 events):
Event: 9.430 Thread 0x0000018edd09cdf0 Exception <a 'java/lang/IncompatibleClassChangeError'{0x00000000c3db97d8}: Found class java.lang.Object, but interface was expected> (0x00000000c3db97d8) 
thrown [s\src\hotspot\share\interpreter\linkResolver.cpp, line 826]
Event: 9.600 Thread 0x0000018edd09cdf0 Exception <a 'java/lang/NoSuchMethodError'{0x00000000c8cfdba0}: 'int java.lang.invoke.DirectMethodHandle$Holder.invokeSpecialIFC(java.lang.Object, java.lang.Object, java.lang.Object)'> (0x00000000c8cfdba0) 
thrown [s\src\hotspot\share\interpreter\linkResolver.cpp, line 759]
Event: 10.891 Thread 0x0000018edd09cdf0 Exception <a 'sun/nio/fs/WindowsException'{0x00000000c714fa88}> (0x00000000c714fa88) 
thrown [s\src\hotspot\share\prims\jni.cpp, line 516]
Event: 10.892 Thread 0x0000018edd09cdf0 Exception <a 'sun/nio/fs/WindowsException'{0x00000000c71505d0}> (0x00000000c71505d0) 
thrown [s\src\hotspot\share\prims\jni.cpp, line 516]
Event: 10.892 Thread 0x0000018edd09cdf0 Exception <a 'sun/nio/fs/WindowsException'{0x00000000c71510d0}> (0x00000000c71510d0) 
thrown [s\src\hotspot\share\prims\jni.cpp, line 516]
Event: 10.893 Thread 0x0000018edd09cdf0 Exception <a 'sun/nio/fs/WindowsException'{0x00000000c7151c18}> (0x00000000c7151c18) 
thrown [s\src\hotspot\share\prims\jni.cpp, line 516]
Event: 10.894 Thread 0x0000018edd09cdf0 Exception <a 'sun/nio/fs/WindowsException'{0x00000000c7152830}> (0x00000000c7152830) 
thrown [s\src\hotspot\share\prims\jni.cpp, line 516]
Event: 10.894 Thread 0x0000018edd09cdf0 Exception <a 'sun/nio/fs/WindowsException'{0x00000000c71534b0}> (0x00000000c71534b0) 
thrown [s\src\hotspot\share\prims\jni.cpp, line 516]
Event: 10.896 Thread 0x0000018edd09cdf0 Exception <a 'sun/nio/fs/WindowsException'{0x00000000c715a9b8}> (0x00000000c715a9b8) 
thrown [s\src\hotspot\share\prims\jni.cpp, line 516]
Event: 10.896 Thread 0x0000018edd09cdf0 Exception <a 'sun/nio/fs/WindowsException'{0x00000000c715b500}> (0x00000000c715b500) 
thrown [s\src\hotspot\share\prims\jni.cpp, line 516]
Event: 10.896 Thread 0x0000018edd09cdf0 Exception <a 'sun/nio/fs/WindowsException'{0x00000000c715c000}> (0x00000000c715c000) 
thrown [s\src\hotspot\share\prims\jni.cpp, line 516]
Event: 10.896 Thread 0x0000018edd09cdf0 Exception <a 'sun/nio/fs/WindowsException'{0x00000000c715cb48}> (0x00000000c715cb48) 
thrown [s\src\hotspot\share\prims\jni.cpp, line 516]
Event: 10.897 Thread 0x0000018edd09cdf0 Exception <a 'sun/nio/fs/WindowsException'{0x00000000c715d760}> (0x00000000c715d760) 
thrown [s\src\hotspot\share\prims\jni.cpp, line 516]
Event: 10.897 Thread 0x0000018edd09cdf0 Exception <a 'sun/nio/fs/WindowsException'{0x00000000c715e3e0}> (0x00000000c715e3e0) 
thrown [s\src\hotspot\share\prims\jni.cpp, line 516]
Event: 10.923 Thread 0x0000018edd09cdf0 Exception <a 'sun/nio/fs/WindowsException'{0x00000000c71d5080}> (0x00000000c71d5080) 
thrown [s\src\hotspot\share\prims\jni.cpp, line 516]
Event: 47.219 Thread 0x0000018edd09a570 Exception <a 'java/lang/NoSuchMethodError'{0x00000000c689bc68}: 'void java.lang.invoke.DirectMethodHandle$Holder.invokeStatic(java.lang.Object, long)'> (0x00000000c689bc68) 
thrown [s\src\hotspot\share\interpreter\linkResolver.cpp, line 759]
Event: 47.220 Thread 0x0000018edd09a570 Exception <a 'java/lang/NoSuchMethodError'{0x00000000c68a1010}: 'java.lang.Object java.lang.invoke.DirectMethodHandle$Holder.newInvokeSpecial(java.lang.Object, long)'> (0x00000000c68a1010) 
thrown [s\src\hotspot\share\interpreter\linkResolver.cpp, line 759]
Event: 311.456 Thread 0x0000018ed8d307e0 Exception <a 'java/io/IOException'{0x00000000c6799c50}> (0x00000000c6799c50) 
thrown [s\src\hotspot\share\prims\jni.cpp, line 516]
Event: 311.668 Thread 0x0000018ed8d30cf0 Exception <a 'java/io/IOException'{0x00000000c67abdb0}> (0x00000000c67abdb0) 
thrown [s\src\hotspot\share\prims\jni.cpp, line 516]
Event: 312.859 Thread 0x0000018ed8d2f3a0 Exception <a 'java/io/IOException'{0x00000000c67bcae8}> (0x00000000c67bcae8) 
thrown [s\src\hotspot\share\prims\jni.cpp, line 516]

VM Operations (20 events):
Event: 7720.924 Executing VM operation: G1CollectFull done
Event: 7731.283 Executing VM operation: G1CollectFull
Event: 7731.307 Executing VM operation: G1CollectFull done
Event: 7741.530 Executing VM operation: G1CollectFull
Event: 7741.561 Executing VM operation: G1CollectFull done
Event: 7751.756 Executing VM operation: G1CollectFull
Event: 7751.778 Executing VM operation: G1CollectFull done
Event: 7761.953 Executing VM operation: G1CollectFull
Event: 7761.976 Executing VM operation: G1CollectFull done
Event: 7772.143 Executing VM operation: G1CollectFull
Event: 7772.166 Executing VM operation: G1CollectFull done
Event: 7782.375 Executing VM operation: G1CollectFull
Event: 7782.410 Executing VM operation: G1CollectFull done
Event: 7792.612 Executing VM operation: G1CollectFull
Event: 7792.636 Executing VM operation: G1CollectFull done
Event: 7802.814 Executing VM operation: G1CollectFull
Event: 7802.839 Executing VM operation: G1CollectFull done
Event: 7813.034 Executing VM operation: G1CollectFull
Event: 7813.060 Executing VM operation: G1CollectFull done
Event: 7823.096 Executing VM operation: G1CollectFull

Events (20 events):
Event: 3708.342 Thread 0x0000018ed8d2fdc0 Thread added: 0x0000018ed8d2fdc0
Event: 3855.859 Thread 0x0000018ed8d2fdc0 Thread exited: 0x0000018ed8d2fdc0
Event: 3896.940 Thread 0x0000018ed8d2df60 Thread added: 0x0000018ed8d2df60
Event: 3956.948 Thread 0x0000018ed8d2df60 Thread exited: 0x0000018ed8d2df60
Event: 4003.078 Thread 0x0000018ed8d2df60 Thread added: 0x0000018ed8d2df60
Event: 4003.113 Thread 0x0000018edd7c13b0 Thread added: 0x0000018edd7c13b0
Event: 4008.143 Thread 0x0000018edd7c13b0 Thread exited: 0x0000018edd7c13b0
Event: 4109.731 Thread 0x0000018ed8d2df60 Thread exited: 0x0000018ed8d2df60
Event: 4121.669 Thread 0x0000018ed8d2ee90 Thread added: 0x0000018ed8d2ee90
Event: 4256.988 Thread 0x0000018ed8d2ee90 Thread exited: 0x0000018ed8d2ee90
Event: 4330.166 Thread 0x0000018ed8d31200 Thread added: 0x0000018ed8d31200
Event: 4390.177 Thread 0x0000018ed8d31200 Thread exited: 0x0000018ed8d31200
Event: 5545.809 Thread 0x0000018ed8d2f3a0 Thread added: 0x0000018ed8d2f3a0
Event: 5719.399 Thread 0x0000018ed8d2f3a0 Thread exited: 0x0000018ed8d2f3a0
Event: 6434.453 Thread 0x0000018ed8d307e0 Thread added: 0x0000018ed8d307e0
Event: 6494.472 Thread 0x0000018ed8d307e0 Thread exited: 0x0000018ed8d307e0
Event: 6643.627 Thread 0x0000018ed8d2df60 Thread added: 0x0000018ed8d2df60
Event: 6703.642 Thread 0x0000018ed8d2df60 Thread exited: 0x0000018ed8d2df60
Event: 7491.511 Thread 0x0000018ed8d2ee90 Thread added: 0x0000018ed8d2ee90
Event: 7551.524 Thread 0x0000018ed8d2ee90 Thread exited: 0x0000018ed8d2ee90


Dynamic libraries:
0x00007ff7e5cd0000 - 0x00007ff7e5cde000 	c:\Users\socia\.vscode\extensions\redhat.java-1.29.0-win32-x64\jre\17.0.10-win32-x86_64\bin\java.exe
0x00007ffd66550000 - 0x00007ffd66766000 	C:\WINDOWS\SYSTEM32\ntdll.dll
0x00007ffd64fa0000 - 0x00007ffd65064000 	C:\WINDOWS\System32\KERNEL32.DLL
0x00007ffd63a50000 - 0x00007ffd63df7000 	C:\WINDOWS\System32\KERNELBASE.dll
0x00007ffd63e70000 - 0x00007ffd63f81000 	C:\WINDOWS\System32\ucrtbase.dll
0x00007ffd3ac80000 - 0x00007ffd3ac9b000 	c:\Users\socia\.vscode\extensions\redhat.java-1.29.0-win32-x64\jre\17.0.10-win32-x86_64\bin\VCRUNTIME140.dll
0x00007ffd3b100000 - 0x00007ffd3b117000 	c:\Users\socia\.vscode\extensions\redhat.java-1.29.0-win32-x64\jre\17.0.10-win32-x86_64\bin\jli.dll
0x00007ffd661b0000 - 0x00007ffd6635e000 	C:\WINDOWS\System32\USER32.dll
0x00007ffd63f90000 - 0x00007ffd63fb6000 	C:\WINDOWS\System32\win32u.dll
0x00007ffd64f60000 - 0x00007ffd64f89000 	C:\WINDOWS\System32\GDI32.dll
0x00007ffd63930000 - 0x00007ffd63a49000 	C:\WINDOWS\System32\gdi32full.dll
0x00007ffd64040000 - 0x00007ffd640da000 	C:\WINDOWS\System32\msvcp_win.dll
0x00007ffd4de40000 - 0x00007ffd4e0d3000 	C:\WINDOWS\WinSxS\amd64_microsoft.windows.common-controls_6595b64144ccf1df_6.0.22621.3235_none_270f74e173860f98\COMCTL32.dll
0x00007ffd66020000 - 0x00007ffd660c7000 	C:\WINDOWS\System32\msvcrt.dll
0x00007ffd65170000 - 0x00007ffd651a1000 	C:\WINDOWS\System32\IMM32.DLL
0x00007ffd3ad60000 - 0x00007ffd3ad6c000 	c:\Users\socia\.vscode\extensions\redhat.java-1.29.0-win32-x64\jre\17.0.10-win32-x86_64\bin\vcruntime140_1.dll
0x00007ffd0d590000 - 0x00007ffd0d61d000 	c:\Users\socia\.vscode\extensions\redhat.java-1.29.0-win32-x64\jre\17.0.10-win32-x86_64\bin\msvcp140.dll
0x00007ffcd0c50000 - 0x00007ffcd18b2000 	c:\Users\socia\.vscode\extensions\redhat.java-1.29.0-win32-x64\jre\17.0.10-win32-x86_64\bin\server\jvm.dll
0x00007ffd65e20000 - 0x00007ffd65ed2000 	C:\WINDOWS\System32\ADVAPI32.dll
0x00007ffd64280000 - 0x00007ffd64328000 	C:\WINDOWS\System32\sechost.dll
0x00007ffd64250000 - 0x00007ffd64278000 	C:\WINDOWS\System32\bcrypt.dll
0x00007ffd65ee0000 - 0x00007ffd65ff5000 	C:\WINDOWS\System32\RPCRT4.dll
0x00007ffd5d920000 - 0x00007ffd5d954000 	C:\WINDOWS\SYSTEM32\WINMM.dll
0x00007ffd626e0000 - 0x00007ffd6272d000 	C:\WINDOWS\SYSTEM32\POWRPROF.dll
0x00007ffd50540000 - 0x00007ffd50549000 	C:\WINDOWS\SYSTEM32\WSOCK32.dll
0x00007ffd5d2e0000 - 0x00007ffd5d2ea000 	C:\WINDOWS\SYSTEM32\VERSION.dll
0x00007ffd64430000 - 0x00007ffd644a1000 	C:\WINDOWS\System32\WS2_32.dll
0x00007ffd626c0000 - 0x00007ffd626d3000 	C:\WINDOWS\SYSTEM32\UMPDC.dll
0x00007ffd628d0000 - 0x00007ffd628e8000 	C:\WINDOWS\SYSTEM32\kernel.appcore.dll
0x00007ffd3ac00000 - 0x00007ffd3ac0a000 	c:\Users\socia\.vscode\extensions\redhat.java-1.29.0-win32-x64\jre\17.0.10-win32-x86_64\bin\jimage.dll
0x00007ffd61250000 - 0x00007ffd61483000 	C:\WINDOWS\SYSTEM32\DBGHELP.DLL
0x00007ffd64670000 - 0x00007ffd649f8000 	C:\WINDOWS\System32\combase.dll
0x00007ffd660d0000 - 0x00007ffd661a7000 	C:\WINDOWS\System32\OLEAUT32.dll
0x00007ffd5bd80000 - 0x00007ffd5bdb2000 	C:\WINDOWS\SYSTEM32\dbgcore.DLL
0x00007ffd63fc0000 - 0x00007ffd64039000 	C:\WINDOWS\System32\bcryptPrimitives.dll
0x00007ffd3a690000 - 0x00007ffd3a6b5000 	c:\Users\socia\.vscode\extensions\redhat.java-1.29.0-win32-x64\jre\17.0.10-win32-x86_64\bin\java.dll
0x00007ffd3a100000 - 0x00007ffd3a118000 	c:\Users\socia\.vscode\extensions\redhat.java-1.29.0-win32-x64\jre\17.0.10-win32-x86_64\bin\zip.dll
0x00007ffd652b0000 - 0x00007ffd65b0c000 	C:\WINDOWS\System32\SHELL32.dll
0x00007ffd617b0000 - 0x00007ffd620a9000 	C:\WINDOWS\SYSTEM32\windows.storage.dll
0x00007ffd61670000 - 0x00007ffd617ae000 	C:\WINDOWS\SYSTEM32\wintypes.dll
0x00007ffd65c70000 - 0x00007ffd65d63000 	C:\WINDOWS\System32\SHCORE.dll
0x00007ffd64a10000 - 0x00007ffd64a6e000 	C:\WINDOWS\System32\shlwapi.dll
0x00007ffd637a0000 - 0x00007ffd637c1000 	C:\WINDOWS\SYSTEM32\profapi.dll
0x00007ffd39f80000 - 0x00007ffd39f99000 	C:\Users\socia\.vscode\extensions\redhat.java-1.29.0-win32-x64\jre\17.0.10-win32-x86_64\bin\net.dll
0x00007ffd5e0b0000 - 0x00007ffd5e1e6000 	C:\WINDOWS\SYSTEM32\WINHTTP.dll
0x00007ffd62de0000 - 0x00007ffd62e49000 	C:\WINDOWS\system32\mswsock.dll
0x00007ffd396c0000 - 0x00007ffd396d6000 	C:\Users\socia\.vscode\extensions\redhat.java-1.29.0-win32-x64\jre\17.0.10-win32-x86_64\bin\nio.dll
0x00007ffd3a8e0000 - 0x00007ffd3a8f0000 	c:\Users\socia\.vscode\extensions\redhat.java-1.29.0-win32-x64\jre\17.0.10-win32-x86_64\bin\verify.dll
0x00007ffd63000000 - 0x00007ffd6301b000 	C:\WINDOWS\SYSTEM32\CRYPTSP.dll
0x00007ffd628f0000 - 0x00007ffd62925000 	C:\WINDOWS\system32\rsaenh.dll
0x00007ffd62ea0000 - 0x00007ffd62ec8000 	C:\WINDOWS\SYSTEM32\USERENV.dll
0x00007ffd63020000 - 0x00007ffd6302c000 	C:\WINDOWS\SYSTEM32\CRYPTBASE.dll
0x00007ffd62380000 - 0x00007ffd623ad000 	C:\WINDOWS\SYSTEM32\IPHLPAPI.DLL
0x00007ffd64f90000 - 0x00007ffd64f99000 	C:\WINDOWS\System32\NSI.dll
0x00007ffd5df80000 - 0x00007ffd5df99000 	C:\WINDOWS\SYSTEM32\dhcpcsvc6.DLL
0x00007ffd5dd90000 - 0x00007ffd5ddaf000 	C:\WINDOWS\SYSTEM32\dhcpcsvc.DLL
0x00007ffd623f0000 - 0x00007ffd624e9000 	C:\WINDOWS\SYSTEM32\DNSAPI.dll
0x00007ffd3a680000 - 0x00007ffd3a689000 	C:\Users\socia\.vscode\extensions\redhat.java-1.29.0-win32-x64\jre\17.0.10-win32-x86_64\bin\management.dll
0x00007ffd3a5d0000 - 0x00007ffd3a5db000 	C:\Users\socia\.vscode\extensions\redhat.java-1.29.0-win32-x64\jre\17.0.10-win32-x86_64\bin\management_ext.dll
0x00007ffd64a70000 - 0x00007ffd64a78000 	C:\WINDOWS\System32\PSAPI.DLL
0x00007ffd3ae90000 - 0x00007ffd3ae9e000 	C:\Users\socia\.vscode\extensions\redhat.java-1.29.0-win32-x64\jre\17.0.10-win32-x86_64\bin\sunmscapi.dll
0x00007ffd640e0000 - 0x00007ffd64246000 	C:\WINDOWS\System32\CRYPT32.dll
0x00007ffd63210000 - 0x00007ffd6323e000 	C:\WINDOWS\SYSTEM32\ncrypt.dll
0x00007ffd631d0000 - 0x00007ffd63207000 	C:\WINDOWS\SYSTEM32\NTASN1.dll
0x00007ffd5abd0000 - 0x00007ffd5abda000 	C:\Windows\System32\rasadhlp.dll
0x00007ffd5d670000 - 0x00007ffd5d6f3000 	C:\WINDOWS\System32\fwpuclnt.dll
0x00007ffd3ae30000 - 0x00007ffd3ae39000 	C:\Users\socia\.vscode\extensions\redhat.java-1.29.0-win32-x64\jre\17.0.10-win32-x86_64\bin\extnet.dll

dbghelp: loaded successfully - version: 4.0.5 - missing functions: none
symbol engine: initialized successfully - sym options: 0x614 - pdb path: .;c:\Users\socia\.vscode\extensions\redhat.java-1.29.0-win32-x64\jre\17.0.10-win32-x86_64\bin;C:\WINDOWS\SYSTEM32;C:\WINDOWS\WinSxS\amd64_microsoft.windows.common-controls_6595b64144ccf1df_6.0.22621.3235_none_270f74e173860f98;c:\Users\socia\.vscode\extensions\redhat.java-1.29.0-win32-x64\jre\17.0.10-win32-x86_64\bin\server

VM Arguments:
jvm_args: -XX:+HeapDumpOnOutOfMemoryError -Xmx1024m -Dsts.lsp.client=vscode -Dsts.log.file=/dev/null -XX:TieredStopAtLevel=1 -Xlog:jni+resolve=off -Dspring.config.location=file:c:\Users\socia\.vscode\extensions\vmware.vscode-spring-boot-1.53.0\language-server\BOOT-INF\classes\application.properties 
java_command: org.springframework.ide.vscode.boot.app.BootLanguageServerBootApp
java_class_path (initial): c:\Users\socia\.vscode\extensions\vmware.vscode-spring-boot-1.53.0\language-server\BOOT-INF\classes;c:\Users\socia\.vscode\extensions\vmware.vscode-spring-boot-1.53.0\language-server\BOOT-INF\lib\annotations-24.1.0.jar;c:\Users\socia\.vscode\extensions\vmware.vscode-spring-boot-1.53.0\language-server\BOOT-INF\lib\antlr4-runtime-4.11.1.jar;c:\Users\socia\.vscode\extensions\vmware.vscode-spring-boot-1.53.0\language-server\BOOT-INF\lib\asm-9.6.jar;c:\Users\socia\.vscode\extensions\vmware.vscode-spring-boot-1.53.0\language-server\BOOT-INF\lib\asm-analysis-9.6.jar;c:\Users\socia\.vscode\extensions\vmware.vscode-spring-boot-1.53.0\language-server\BOOT-INF\lib\asm-tree-9.6.jar;c:\Users\socia\.vscode\extensions\vmware.vscode-spring-boot-1.53.0\language-server\BOOT-INF\lib\asm-util-9.6.jar;c:\Users\socia\.vscode\extensions\vmware.vscode-spring-boot-1.53.0\language-server\BOOT-INF\lib\caffeine-3.1.8.jar;c:\Users\socia\.vscode\extensions\vmware.vscode-spring-boot-1.53.0\language-server\BOOT-INF\lib\checker-qual-3.12.0.jar;c:\Users\socia\.vscode\extensions\vmware.vscode-spring-boot-1.53.0\language-server\BOOT-INF\lib\classgraph-4.8.149.jar;c:\Users\socia\.vscode\extensions\vmware.vscode-spring-boot-1.53.0\language-server\BOOT-INF\lib\commons-codec-1.16.1.jar;c:\Users\socia\.vscode\extensions\vmware.vscode-spring-boot-1.53.0\language-server\BOOT-INF\lib\commons-compress-1.26.0.jar;c:\Users\socia\.vscode\extensions\vmware.vscode-spring-boot-1.53.0\language-server\BOOT-INF\lib\commons-io-2.4.jar;c:\Users\socia\.vscode\extensions\vmware.vscode-spring-boot-1.53.0\language-server\BOOT-INF\lib\commons-java-1.53.0-SNAPSHOT.jar;c:\Users\socia\.vscode\extensions\vmware.vscode-spring-boot-1.53.0\language-server\BOOT-INF\lib\commons-lang3-3.13.0.jar;c:\Users\socia\.vscode\extensions\vmware.vscode-spring-boot-1.53.0\language-server\BOOT-INF\lib\commons-language-server-1.53.0-SNAPSHOT.jar;c:\Users\socia\.vscode\extensions\vmware.vscode-spring-boot-1.53.0\language
Launcher Type: SUN_STANDARD

[Global flags]
     intx CICompilerCount                          = 4                                         {product} {ergonomic}
     uint ConcGCThreads                            = 3                                         {product} {ergonomic}
     uint G1ConcRefinementThreads                  = 10                                        {product} {ergonomic}
   size_t G1HeapRegionSize                         = 1048576                                   {product} {ergonomic}
    uintx GCDrainStackTargetSize                   = 64                                        {product} {ergonomic}
     bool HeapDumpOnOutOfMemoryError               = true                                   {manageable} {command line}
   size_t InitialHeapSize                          = 123731968                                 {product} {ergonomic}
   size_t MarkStackSize                            = 4194304                                   {product} {ergonomic}
   size_t MaxHeapSize                              = 1073741824                                {product} {command line}
   size_t MaxNewSize                               = 643825664                                 {product} {ergonomic}
   size_t MinHeapDeltaBytes                        = 1048576                                   {product} {ergonomic}
   size_t MinHeapSize                              = 8388608                                   {product} {ergonomic}
    uintx NonProfiledCodeHeapSize                  = 0                                      {pd product} {ergonomic}
     bool ProfileInterpreter                       = false                                  {pd product} {command line}
    uintx ProfiledCodeHeapSize                     = 0                                      {pd product} {ergonomic}
   size_t SoftMaxHeapSize                          = 1073741824                             {manageable} {ergonomic}
     intx TieredStopAtLevel                        = 1                                         {product} {command line}
     bool UseCompressedClassPointers               = true                           {product lp64_product} {ergonomic}
     bool UseCompressedOops                        = true                           {product lp64_product} {ergonomic}
     bool UseG1GC                                  = true                                      {product} {ergonomic}
     bool UseLargePagesIndividualAllocation        = false                                  {pd product} {ergonomic}

Logging:
Log output configuration:
 #0: stdout all=warning,jni+resolve=off uptime,level,tags
 #1: stderr all=off uptime,level,tags

Environment Variables:
JAVA_HOME=C:\Program Files\Java\jdk-16.0.2
PATH=C:\Program Files\Common Files\Oracle\Java\javapath;C:\Windows\system32;C:\Windows;C:\Windows\System32\Wbem;C:\Windows\System32\WindowsPowerShell\v1.0\;C:\Windows\System32\OpenSSH\;C:\Program Files (x86)\NVIDIA Corporation\PhysX\Common;C:\Program Files\NVIDIA Corporation\NVIDIA NvDLISR;C:\Program Files\Java\jdk-16.0.2\bin;C:\Program Files\MySQL\MySQL Server 8.0\bin;C:\WINDOWS\system32;C:\WINDOWS;C:\WINDOWS\System32\Wbem;C:\WINDOWS\System32\WindowsPowerShell\v1.0\;C:\WINDOWS\System32\OpenSSH\;C:\TDM-GCC-64\bin;C:\Program Files\dotnet\;C:\Program Files\Git\cmd;C:\Program Files\GitHub CLI\;C:\Program Files\nodejs\;C:\ProgramData\chocolatey\bin;C:\Users\socia\AppData\Local\Programs\Python\Python310\Scripts\;C:\Users\socia\AppData\Local\Programs\Python\Python310\;C:\Program Files\MySQL\MySQL Shell 8.0\bin\;C:\Users\socia\AppData\Local\Microsoft\WindowsApps;C:\Users\socia\AppData\Local\Programs\Microsoft VS Code\bin;C:\Program Files\JetBrains\IntelliJ IDEA Community Edition 2021.2.3\bin;C:\Program Files\heroku\bin;C:\Users\socia\AppData\Local\Microsoft\WindowsApps;C:\Users\socia\go\bin;C:\Program Files\JetBrains\PyCharm Community Edition 2022.3.3\bin;C:\Users\socia\AppData\Local\GitHubDesktop\bin;C:\Users\socia\AppData\Roaming\npm
USERNAME=socia
OS=Windows_NT
PROCESSOR_IDENTIFIER=AMD64 Family 23 Model 96 Stepping 1, AuthenticAMD
TMP=C:\Users\socia\AppData\Local\Temp
TEMP=C:\Users\socia\AppData\Local\Temp



Periodic native trim disabled


---------------  S Y S T E M  ---------------

OS:
 Windows 11 , 64 bit Build 22621 (10.0.22621.3374)
OS uptime: 5 days 7:50 hours
Hyper-V role detected

CPU: total 12 (initial active 12) (12 cores per cpu, 2 threads per core) family 23 model 96 stepping 1 microcode 0x0, cx8, cmov, fxsr, ht, mmx, 3dnowpref, sse, sse2, sse3, ssse3, sse4a, sse4.1, sse4.2, popcnt, lzcnt, tsc, tscinvbit, avx, avx2, aes, clmul, bmi1, bmi2, adx, sha, fma, vzeroupper, clflush, clflushopt, hv
Processor Information for all 12 processors :
  Max Mhz: 3000, Current Mhz: 3000, Mhz Limit: 3000

Memory: 4k page, system-wide physical 7549M (418M free)
TotalPageFile size 31101M (AvailPageFile size 102M)
current process WorkingSet (physical memory assigned to process): 56M, peak: 240M
current process commit charge ("private bytes"): 262M, peak: 333M

vm_info: OpenJDK 64-Bit Server VM (17.0.10+7) for windows-amd64 JRE (17.0.10+7), built on Jan 16 2024 23:25:11 by "admin" with MS VC++ 16.10 / 16.11 (VS2019)

END.
