#
# There is insufficient memory for the Java Runtime Environment to continue.
# Native memory allocation (mmap) failed to map 65536 bytes for Failed to commit metaspace.
# Possible reasons:
#   The system is out of physical RAM or swap space
#   The process is running with CompressedOops enabled, and the Java Heap may be blocking the growth of the native heap
# Possible solutions:
#   Reduce memory load on the system
#   Increase physical memory or swap space
#   Check if swap backing store is full
#   Decrease Java heap size (-Xmx/-Xms)
#   Decrease number of Java threads
#   Decrease Java thread stack sizes (-Xss)
#   Set larger code cache with -XX:ReservedCodeCacheSize=
#   JVM is running with Unscaled Compressed Oops mode in which the Java heap is
#     placed in the first 4GB address space. The Java Heap base address is the
#     maximum limit for the native heap growth. Please use -XX:HeapBaseMinAddress
#     to set the Java Heap base and to place the Java Heap above 4GB virtual address.
# This output file may be truncated or incomplete.
#
#  Out of Memory Error (virtualSpaceNode.cpp:110), pid=32348, tid=9488
#
# JRE version: OpenJDK Runtime Environment Temurin-17.0.10+7 (17.0.10+7) (build 17.0.10+7)
# Java VM: OpenJDK 64-Bit Server VM Temurin-17.0.10+7 (17.0.10+7, mixed mode, emulated-client, tiered, compressed oops, compressed class ptrs, g1 gc, windows-amd64)
# No core dump will be written. Minidumps are not enabled by default on client versions of Windows
#

---------------  S U M M A R Y ------------

Command Line: -XX:+HeapDumpOnOutOfMemoryError -Xmx1024m -Dsts.lsp.client=vscode -Dsts.log.file=/dev/null -XX:TieredStopAtLevel=1 -Xlog:jni+resolve=off -Dspring.config.location=file:c:\Users\socia\.vscode\extensions\vmware.vscode-spring-boot-1.53.0\language-server\BOOT-INF\classes\application.properties org.springframework.ide.vscode.boot.app.BootLanguageServerBootApp

Host: AMD Ryzen 5 4600H with Radeon Graphics         , 12 cores, 7G,  Windows 11 , 64 bit Build 22621 (10.0.22621.3374)
Time: Sun Apr  7 21:46:14 2024 India Standard Time elapsed time: 5.692515 seconds (0d 0h 0m 5s)

---------------  T H R E A D  ---------------

Current thread (0x000001ec4f837910):  JavaThread "main" [_thread_in_vm, id=9488, stack(0x0000005158300000,0x0000005158400000)]

Stack: [0x0000005158300000,0x0000005158400000]
Native frames: (J=compiled Java code, j=interpreted, Vv=VM code, C=native code)
V  [jvm.dll+0x67d2c9]
V  [jvm.dll+0x834afa]
V  [jvm.dll+0x8365be]
V  [jvm.dll+0x836c23]
V  [jvm.dll+0x2477ff]
V  [jvm.dll+0x8307bb]
V  [jvm.dll+0x621d16]
V  [jvm.dll+0x1c183e]
V  [jvm.dll+0x624671]
V  [jvm.dll+0x6226b6]
V  [jvm.dll+0x36eaa2]
V  [jvm.dll+0x1e34bb]
V  [jvm.dll+0x5427f7]
V  [jvm.dll+0x7aed0d]
V  [jvm.dll+0x7aec6a]
V  [jvm.dll+0x410f8e]
V  [jvm.dll+0x42470c]
C  [java.dll+0x1657]

Java frames: (J=compiled Java code, j=interpreted, Vv=VM code)
J 1259  java.lang.ClassLoader.defineClass0(Ljava/lang/ClassLoader;Ljava/lang/Class;Ljava/lang/String;[BIILjava/security/ProtectionDomain;ZILjava/lang/Object;)Ljava/lang/Class; java.base@17.0.10 (0 bytes) @ 0x000001ec52836d89 [0x000001ec52836ca0+0x00000000000000e9]
J 1258 c1 java.lang.System$2.defineClass(Ljava/lang/ClassLoader;Ljava/lang/Class;Ljava/lang/String;[BLjava/security/ProtectionDomain;ZILjava/lang/Object;)Ljava/lang/Class; java.base@17.0.10 (21 bytes) @ 0x000001ec5283938c [0x000001ec52839320+0x000000000000006c]
J 1257 c1 java.lang.invoke.MethodHandles$Lookup$ClassDefiner.defineClass(ZLjava/lang/Object;)Ljava/lang/Class; java.base@17.0.10 (97 bytes) @ 0x000001ec52838d04 [0x000001ec52838a00+0x0000000000000304]
j  java.lang.invoke.InvokerBytecodeGenerator.loadMethod([B)Ljava/lang/invoke/MemberName;+16 java.base@17.0.10
J 2728 c1 java.lang.invoke.LambdaForm.compileToBytecode()V java.base@17.0.10 (164 bytes) @ 0x000001ec5296cde4 [0x000001ec5296cc80+0x0000000000000164]
j  java.lang.invoke.DirectMethodHandle.makePreparedLambdaForm(Ljava/lang/invoke/MethodType;I)Ljava/lang/invoke/LambdaForm;+792 java.base@17.0.10
J 1072 c1 java.lang.invoke.DirectMethodHandle.preparedLambdaForm(Ljava/lang/invoke/MemberName;Z)Ljava/lang/invoke/LambdaForm; java.base@17.0.10 (244 bytes) @ 0x000001ec527f46bc [0x000001ec527f4460+0x000000000000025c]
J 1157 c1 java.lang.invoke.DirectMethodHandle.make(BLjava/lang/Class;Ljava/lang/invoke/MemberName;Ljava/lang/Class;)Ljava/lang/invoke/DirectMethodHandle; java.base@17.0.10 (275 bytes) @ 0x000001ec52816fbc [0x000001ec52816980+0x000000000000063c]
J 1516 c1 java.lang.invoke.MethodHandles$Lookup.getDirectMethodCommon(BLjava/lang/Class;Ljava/lang/invoke/MemberName;ZZLjava/lang/invoke/MethodHandles$Lookup;)Ljava/lang/invoke/MethodHandle; java.base@17.0.10 (280 bytes) @ 0x000001ec5289eaa4 [0x000001ec5289e700+0x00000000000003a4]
J 1494 c1 java.lang.invoke.MethodHandles$Lookup.getDirectMethodForConstant(BLjava/lang/Class;Ljava/lang/invoke/MemberName;)Ljava/lang/invoke/MethodHandle; java.base@17.0.10 (72 bytes) @ 0x000001ec528970b4 [0x000001ec52896ce0+0x00000000000003d4]
J 1156 c1 java.lang.invoke.MethodHandles$Lookup.linkMethodHandleConstant(BLjava/lang/Class;Ljava/lang/String;Ljava/lang/Object;)Ljava/lang/invoke/MethodHandle; java.base@17.0.10 (222 bytes) @ 0x000001ec52814674 [0x000001ec52814100+0x0000000000000574]
J 1155 c1 java.lang.invoke.MethodHandleNatives.linkMethodHandleConstant(Ljava/lang/Class;ILjava/lang/Class;Ljava/lang/String;Ljava/lang/Object;)Ljava/lang/invoke/MethodHandle; java.base@17.0.10 (50 bytes) @ 0x000001ec52813b9c [0x000001ec52813b40+0x000000000000005c]
v  ~StubRoutines::call_stub
j  org.springframework.beans.factory.support.DefaultListableBeanFactory.destroySingletons()V+5
j  org.springframework.context.support.AbstractApplicationContext.destroyBeans()V+4
j  org.springframework.context.support.AbstractApplicationContext.refresh()V+139
j  org.springframework.boot.SpringApplication.refresh(Lorg/springframework/context/ConfigurableApplicationContext;)V+1
j  org.springframework.boot.SpringApplication.refreshContext(Lorg/springframework/context/ConfigurableApplicationContext;)V+16
j  org.springframework.boot.SpringApplication.run([Ljava/lang/String;)Lorg/springframework/context/ConfigurableApplicationContext;+110
j  org.springframework.boot.SpringApplication.run([Ljava/lang/Class;[Ljava/lang/String;)Lorg/springframework/context/ConfigurableApplicationContext;+9
j  org.springframework.boot.SpringApplication.run(Ljava/lang/Class;[Ljava/lang/String;)Lorg/springframework/context/ConfigurableApplicationContext;+9
j  org.springframework.ide.vscode.boot.app.BootLanguageServerBootApp.main([Ljava/lang/String;)V+19
v  ~StubRoutines::call_stub

Compiled method (n/a)    5716 1259     n 0       java.lang.ClassLoader::defineClass0 (native)
 total in heap  [0x000001ec52836b10,0x000001ec52837010] = 1280
 relocation     [0x000001ec52836c68,0x000001ec52836ca0] = 56
 main code      [0x000001ec52836ca0,0x000001ec52837010] = 880

[Constant Pool (empty)]

[MachCode]
[Entry Point]
  # {method} {0x000001ec5b01dfb8} 'defineClass0' '(Ljava/lang/ClassLoader;Ljava/lang/Class;Ljava/lang/String;[BIILjava/security/ProtectionDomain;ZILjava/lang/Object;)Ljava/lang/Class;' in 'java/lang/ClassLoader'
  # parm0:    rdx:rdx   = 'java/lang/ClassLoader'
  # parm1:    r8:r8     = 'java/lang/Class'
  # parm2:    r9:r9     = 'java/lang/String'
  # parm3:    rdi:rdi   = '[B'
  # parm4:    rsi       = int
  # parm5:    rcx       = int
  # parm6:    [sp+0xb0]   = 'java/security/ProtectionDomain'  (sp of caller)
  # parm7:    [sp+0xb8]   = boolean
  # parm8:    [sp+0xc0]   = int
  # parm9:    [sp+0xc8]   = 'java/lang/Object'
  0x000001ec52836ca0: 448b 5208 | 49c1 e203 | 493b c20f | 8407 0000 

  0x000001ec52836cb0: ;   {runtime_call ic_miss_stub}
  0x000001ec52836cb0: 00e9 caa3 | cdff 6690 
[Verified Entry Point]
  0x000001ec52836cb8: 8984 2400 | 90ff ff55 | 488b ec48 | 81ec a000 | 0000 4881 | 7d28 0000 | 0000 488d | 4528 480f 
  0x000001ec52836cd8: 4445 2848 | 8944 2458 | 4863 4520 | 4889 4424 | 5048 6345 | 1848 8944 | 2448 4881 | 7d10 0000 
  0x000001ec52836cf8: 0000 488d | 4510 480f | 4445 1048 | 8944 2440 | 4889 4c24 | 3848 8974 | 2430 4889 | 7c24 7848 
  0x000001ec52836d18: 83ff 0048 | 8d44 2478 | 480f 4444 | 2478 4889 | 4424 284c | 894c 2470 | 4983 f900 | 488d 4424 
  0x000001ec52836d38: 7048 0f44 | 4424 7048 | 8944 2420 | 4c89 4424 | 6849 83f8 | 004c 8d4c | 2468 4c0f | 444c 2468 
  0x000001ec52836d58: 4889 5424 | 6048 83fa | 004c 8d44 | 2460 4c0f | 4444 2460 

  0x000001ec52836d6c: ;   {oop(a 'java/lang/Class'{0x00000000c0c7b8b8} = 'java/lang/ClassLoader')}
  0x000001ec52836d6c: 49be b8b8 | c7c0 0000 | 0000 4c89 | b424 9000 | 0000 4c8d | b424 9000 | 0000 498b | d6c5 f877 
  0x000001ec52836d8c: ;   {internal_word}
  0x000001ec52836d8c: 49ba 896d | 8352 ec01 | 0000 4d89 | 97a0 0200 | 0049 89a7 | 9802 0000 

  0x000001ec52836da4: ;   {external_word}
  0x000001ec52836da4: 49ba 7935 | 7dd1 fc7f | 0000 4180 | 3a00 0f84 | 5200 0000 | 5241 5041 

  0x000001ec52836dbc: ;   {metadata({method} {0x000001ec5b01dfb8} 'defineClass0' '(Ljava/lang/ClassLoader;Ljava/lang/Class;Ljava/lang/String;[BIILjava/security/ProtectionDomain;ZILjava/lang/Object;)Ljava/lang/Class;' in 'java/lang/ClassLoader')}
  0x000001ec52836dbc: 5148 bab0 | df01 5bec | 0100 0049 | 8bcf 4883 | ec20 f7c4 | 0f00 0000 | 0f84 1a00 | 0000 4883 
  0x000001ec52836ddc: ;   {runtime_call}
  0x000001ec52836ddc: ec08 49ba | 0030 33d1 | fc7f 0000 | 41ff d248 | 83c4 08e9 | 0d00 0000 

  0x000001ec52836df4: ;   {runtime_call}
  0x000001ec52836df4: 49ba 0030 | 33d1 fc7f | 0000 41ff | d248 83c4 | 2041 5941 | 585a 498d | 8fb8 0200 | 0041 c787 
  0x000001ec52836e14: 4803 0000 | 0400 0000 

  0x000001ec52836e1c: ;   {runtime_call}
  0x000001ec52836e1c: 49ba 1c15 | 693a fd7f | 0000 41ff | d2c5 f877 | 41c7 8748 | 0300 0005 | 0000 00f0 | 8344 24c0 
  0x000001ec52836e3c: 0049 3baf | 5003 0000 | 0f87 1100 | 0000 4181 | bf38 0300 | 0000 0000 | 000f 842c | 0000 00c5 
  0x000001ec52836e5c: f877 4889 | 45f8 498b | cf4c 8be4 | 4883 ec20 | 4883 e4f0 

  0x000001ec52836e70: ;   {runtime_call}
  0x000001ec52836e70: 49ba 7044 | 43d1 fc7f | 0000 41ff | d249 8be4 | 4d33 e448 | 8b45 f841 | c787 4803 | 0000 0800 
  0x000001ec52836e90: 0000 4181 | bfb8 0300 | 0002 0000 | 000f 843f 

  0x000001ec52836ea0: ;   {external_word}
  0x000001ec52836ea0: 0100 0049 | ba79 357d | d1fc 7f00 | 0041 803a | 000f 8450 | 0000 0048 

  0x000001ec52836eb8: ;   {metadata({method} {0x000001ec5b01dfb8} 'defineClass0' '(Ljava/lang/ClassLoader;Ljava/lang/Class;Ljava/lang/String;[BIILjava/security/ProtectionDomain;ZILjava/lang/Object;)Ljava/lang/Class;' in 'java/lang/ClassLoader')}
  0x000001ec52836eb8: 8945 f848 | bab0 df01 | 5bec 0100 | 0049 8bcf | 4883 ec20 | f7c4 0f00 | 0000 0f84 | 1a00 0000 
  0x000001ec52836ed8: 4883 ec08 

  0x000001ec52836edc: ;   {runtime_call}
  0x000001ec52836edc: 49ba 0030 | 33d1 fc7f | 0000 41ff | d248 83c4 | 08e9 0d00 

  0x000001ec52836ef0: ;   {runtime_call}
  0x000001ec52836ef0: 0000 49ba | 0030 33d1 | fc7f 0000 | 41ff d248 | 83c4 2048 | 8b45 f849 | c787 9802 | 0000 0000 
  0x000001ec52836f10: 0000 49c7 | 87a0 0200 | 0000 0000 | 00c5 f877 | 4885 c00f | 8493 0000 | 0048 f7c0 | 0100 0000 
  0x000001ec52836f30: 0f84 8300 | 0000 488b | 40ff 4180 | 7f38 000f | 846f 0000 | 0048 83f8 | 000f 8465 | 0000 0049 
  0x000001ec52836f50: 8b4f 2048 | 83f9 000f | 8414 0000 | 0048 83e9 | 0849 894f | 2049 034f | 3048 8901 | e943 0000 
  0x000001ec52836f70: 0050 498b | d748 8bc8 | 4883 ec20 | f7c4 0f00 | 0000 0f84 | 1a00 0000 | 4883 ec08 

  0x000001ec52836f8c: ;   {runtime_call}
  0x000001ec52836f8c: 49ba 6048 | f2d0 fc7f | 0000 41ff | d248 83c4 | 08e9 0d00 

  0x000001ec52836fa0: ;   {runtime_call}
  0x000001ec52836fa0: 0000 49ba | 6048 f2d0 | fc7f 0000 | 41ff d248 | 83c4 2058 | e903 0000 | 0048 8b00 | 498b 8fd8 
  0x000001ec52836fc0: 0000 00c7 | 8100 0100 | 0000 0000 | 00c9 4981 | 7f08 0000 | 0000 0f85 | 0100 0000 

  0x000001ec52836fdc: ;   {runtime_call StubRoutines (1)}
  0x000001ec52836fdc: c3e9 1e9f | c8ff c5f8 | 7748 8945 | f84c 8be4 | 4883 ec20 | 4883 e4f0 

  0x000001ec52836ff4: ;   {runtime_call}
  0x000001ec52836ff4: 49ba 8060 | 33d1 fc7f | 0000 41ff | d249 8be4 | 4d33 e448 | 8b45 f8e9 | 93fe ffff 
[/MachCode]


Compiled method (c1)    5722 1258       1       java.lang.System$2::defineClass (21 bytes)
 total in heap  [0x000001ec52839190,0x000001ec528394c8] = 824
 relocation     [0x000001ec528392e8,0x000001ec52839320] = 56
 main code      [0x000001ec52839320,0x000001ec52839400] = 224
 stub code      [0x000001ec52839400,0x000001ec52839448] = 72
 metadata       [0x000001ec52839448,0x000001ec52839450] = 8
 scopes data    [0x000001ec52839450,0x000001ec52839470] = 32
 scopes pcs     [0x000001ec52839470,0x000001ec528394b0] = 64
 dependencies   [0x000001ec528394b0,0x000001ec528394b8] = 8
 nul chk table  [0x000001ec528394b8,0x000001ec528394c8] = 16

[Constant Pool (empty)]

[MachCode]
[Entry Point]
  # {method} {0x000001ec5b173118} 'defineClass' '(Ljava/lang/ClassLoader;Ljava/lang/Class;Ljava/lang/String;[BLjava/security/ProtectionDomain;ZILjava/lang/Object;)Ljava/lang/Class;' in 'java/lang/System$2'
  # this:     rdx:rdx   = 'java/lang/System$2'
  # parm0:    r8:r8     = 'java/lang/ClassLoader'
  # parm1:    r9:r9     = 'java/lang/Class'
  # parm2:    rdi:rdi   = 'java/lang/String'
  # parm3:    rsi:rsi   = '[B'
  # parm4:    rcx:rcx   = 'java/security/ProtectionDomain'
  # parm5:    [sp+0x70]   = boolean  (sp of caller)
  # parm6:    [sp+0x78]   = int
  # parm7:    [sp+0x80]   = 'java/lang/Object'
  0x000001ec52839320: 448b 5208 | 49c1 e203 

  0x000001ec52839328: ;   {runtime_call ic_miss_stub}
  0x000001ec52839328: 4c3b d00f | 854f 7dcd | ff0f 1f84 | 0000 0000 | 000f 1f80 | 0000 0000 
[Verified Entry Point]
  0x000001ec52839340: 8984 2400 | 90ff ff55 | 4883 ec60 | 488b d94c | 8bac 2480 | 0000 0044 | 8b5c 2478 | 8b44 2470 
  0x000001ec52839360: ; implicit exception: dispatches to 0x000001ec5283939f
  0x000001ec52839360: 8b4e 0c49 | 8bd0 4d8b | c14c 8bcf | 488b febe | 0000 0000 | 4889 1c24 | 8944 2408 | 4489 5c24 
  0x000001ec52839380: 104c 896c 

  0x000001ec52839384: ;   {static_call}
  0x000001ec52839384: 2418 90e8 

  0x000001ec52839388: ; ImmutableOopMap {}
                      ;*invokestatic defineClass0 {reexecute=0 rethrow=0 return_oop=0}
                      ; - java.lang.System$2::defineClass@17
  0x000001ec52839388: 2cd9 ffff | 4883 c460 

  0x000001ec52839390: ;   {poll_return}
  0x000001ec52839390: 5d49 3ba7 | 5003 0000 | 0f87 0600 

  0x000001ec5283939c: ;   {runtime_call throw_null_pointer_exception Runtime1 stub}
  0x000001ec5283939c: 0000 c3e8 

  0x000001ec528393a0: ; ImmutableOopMap {r8=Oop r9=Oop rdi=Oop rsi=Oop rbx=Oop r13=Oop [128]=Oop }
                      ;*arraylength {reexecute=0 rethrow=0 return_oop=0}
                      ; - java.lang.System$2::defineClass@8
  0x000001ec528393a0: 7c9d d7ff 

  0x000001ec528393a4: ;   {internal_word}
  0x000001ec528393a4: 49ba 9193 | 8352 ec01 | 0000 4d89 | 9768 0300 

  0x000001ec528393b4: ;   {runtime_call SafepointBlob}
  0x000001ec528393b4: 00e9 46e6 | cdff 9090 | 498b 87e0 | 0300 0049 | c787 e003 | 0000 0000 | 0000 49c7 | 87e8 0300 
  0x000001ec528393d4: 0000 0000 | 0048 83c4 

  0x000001ec528393dc: ;   {runtime_call unwind_exception Runtime1 stub}
  0x000001ec528393dc: 605d e91d | 8ed7 fff4 | f4f4 f4f4 | f4f4 f4f4 | f4f4 f4f4 | f4f4 f4f4 | f4f4 f4f4 | f4f4 f4f4 
  0x000001ec528393fc: f4f4 f4f4 
[Stub Code]
  0x000001ec52839400: ;   {no_reloc}
  0x000001ec52839400: 0f1f 4400 

  0x000001ec52839404: ;   {static_stub}
  0x000001ec52839404: 0048 bb00 | 0000 0000 

  0x000001ec5283940c: ;   {runtime_call}
  0x000001ec5283940c: 0000 00e9 | fbff ffff 
[Exception Handler]
  0x000001ec52839414: ;   {runtime_call handle_exception_from_callee Runtime1 stub}
  0x000001ec52839414: e8e7 bad7 

  0x000001ec52839418: ;   {external_word}
  0x000001ec52839418: ff48 b940 | 9a57 d1fc | 7f00 0048 

  0x000001ec52839424: ;   {runtime_call}
  0x000001ec52839424: 83e4 f049 | ba60 2d20 | d1fc 7f00 | 0041 ffd2 

  0x000001ec52839434: ;   {section_word}
  0x000001ec52839434: f449 ba35 | 9483 52ec | 0100 0041 

  0x000001ec52839440: ;   {runtime_call DeoptimizationBlob}
  0x000001ec52839440: 52e9 5ad8 | cdff f4f4 
[/MachCode]


Compiled method (c1)    5725 1257       1       java.lang.invoke.MethodHandles$Lookup$ClassDefiner::defineClass (97 bytes)
 total in heap  [0x000001ec52838810,0x000001ec52839178] = 2408
 relocation     [0x000001ec52838968,0x000001ec528389f0] = 136
 main code      [0x000001ec52838a00,0x000001ec52838de0] = 992
 stub code      [0x000001ec52838de0,0x000001ec52838e58] = 120
 metadata       [0x000001ec52838e58,0x000001ec52838ec8] = 112
 scopes data    [0x000001ec52838ec8,0x000001ec52838ff0] = 296
 scopes pcs     [0x000001ec52838ff0,0x000001ec52839110] = 288
 dependencies   [0x000001ec52839110,0x000001ec52839128] = 24
 nul chk table  [0x000001ec52839128,0x000001ec52839178] = 80

[Constant Pool (empty)]

[MachCode]
[Entry Point]
  # {method} {0x000001ec5b555570} 'defineClass' '(ZLjava/lang/Object;)Ljava/lang/Class;' in 'java/lang/invoke/MethodHandles$Lookup$ClassDefiner'
  # this:     rdx:rdx   = 'java/lang/invoke/MethodHandles$Lookup$ClassDefiner'
  # parm0:    r8        = boolean
  # parm1:    r9:r9     = 'java/lang/Object'
  #           [sp+0x100]  (sp of caller)
  0x000001ec52838a00: 448b 5208 | 49c1 e203 

  0x000001ec52838a08: ;   {runtime_call ic_miss_stub}
  0x000001ec52838a08: 4c3b d00f | 856f 86cd | ff0f 1f84 | 0000 0000 | 000f 1f80 | 0000 0000 
[Verified Entry Point]
  0x000001ec52838a20: 8984 2400 | 90ff ff55 | 4881 ecf0 | 0000 0048 | 8994 24b8 | 0000 0044 | 8984 24c8 | 0000 004c 
  0x000001ec52838a40: 898c 24d0 | 0000 008b | 7210 8b76 | 1048 89b4 | 24c0 0000 | 008b 7e34 | 4889 bc24 | b000 0000 
  0x000001ec52838a60: 4883 ff00 | 0f85 0f00 

  0x000001ec52838a68: ;   {oop(NULL)}
  0x000001ec52838a68: 0000 48bf | 0000 0000 | 0000 0000 | e913 0100 

  0x000001ec52838a78: ;   {oop(a 'java/lang/Class'{0x00000000c0c7b6f8} = 'java/lang/System')}
  0x000001ec52838a78: 0048 bbf8 | b6c7 c000 | 0000 008b | 5b7c 4883 | fb00 0f84 | fc00 0000 | 0f1f 8000 

  0x000001ec52838a94: ;   {static_call}
  0x000001ec52838a94: 0000 00e8 

  0x000001ec52838a98: ; ImmutableOopMap {[192]=Oop [184]=Oop [176]=Oop [208]=Oop }
                      ;*invokestatic getCallerClass {reexecute=0 rethrow=0 return_oop=0}
                      ; - java.lang.Class::getClassLoader@20
                      ; - java.lang.invoke.MethodHandles$Lookup$ClassDefiner::defineClass@9
  0x000001ec52838a98: e48e cdff 

  0x000001ec52838a9c: ;   {oop(a 'java/lang/Class'{0x00000000c0c7b6f8} = 'java/lang/System')}
  0x000001ec52838a9c: 49b8 f8b6 | c7c0 0000 | 0000 418b | 507c 4883 | fa00 0f84 | d000 0000 | 4883 f800 | 0f85 0f00 
  0x000001ec52838abc: ;   {oop(NULL)}
  0x000001ec52838abc: 0000 49b8 | 0000 0000 | 0000 0000 | e904 0000 | 0044 8b40 | 3448 8bbc | 24b0 0000 | 004c 3bc7 
  0x000001ec52838adc: 0f85 0b00 | 0000 41b8 | 0000 0000 | e96f 0000 | 0049 83f8 | 000f 850b | 0000 0041 | b800 0000 
  0x000001ec52838afc: 00e9 5a00 | 0000 483b | 0748 8bf7 | e917 0000 | 0066 6690 | 4d8b 9758 

  0x000001ec52838b14: ; ImmutableOopMap {[192]=Oop [184]=Oop [208]=Oop rdx=Oop rdi=Oop [176]=Oop r8=Oop rsi=Oop }
                      ;*ifnonnull {reexecute=1 rethrow=0 return_oop=0}
                      ; - (reexecute) java.lang.ClassLoader::isAncestor@15
                      ; - java.lang.ClassLoader::needsClassLoaderPermissionCheck@15
                      ; - java.lang.ClassLoader::checkClassLoaderPermission@15
                      ; - java.lang.Class::getClassLoader@23
                      ; - java.lang.invoke.MethodHandles$Lookup$ClassDefiner::defineClass@9
                      ;   {poll}
  0x000001ec52838b14: 0300 0041 | 8502 4883 | fe00 0f84 | 0d00 0000 

  0x000001ec52838b24: ; implicit exception: dispatches to 0x000001ec52838d2e
  0x000001ec52838b24: 8b76 184c | 3bc6 75e4 | e90b 0000 | 0041 b800 | 0000 00e9 | 0600 0000 | 41b8 0100 | 0000 4183 
  0x000001ec52838b44: f800 41b8 | 0000 0000 | 0f85 0600 | 0000 41b8 | 0100 0000 | 4183 e001 | 4183 f800 | 0f84 1e00 
  0x000001ec52838b64: ;   {oop(a 'java/lang/RuntimePermission'{0x00000000c07ac298})}
  0x000001ec52838b64: 0000 49b8 | 98c2 7ac0 | 0000 0000 | 0f1f 4400 | 0048 b8ff | ffff ffff 

  0x000001ec52838b7c: ;   {virtual_call}
  0x000001ec52838b7c: ffff ffe8 

  0x000001ec52838b80: ; ImmutableOopMap {[192]=Oop [184]=Oop [208]=Oop [176]=Oop }
                      ;*invokevirtual checkPermission {reexecute=0 rethrow=0 return_oop=0}
                      ; - java.lang.ClassLoader::checkClassLoaderPermission@25
                      ; - java.lang.Class::getClassLoader@23
                      ; - java.lang.invoke.MethodHandles$Lookup$ClassDefiner::defineClass@9
  0x000001ec52838b80: fc8a cdff | 488b bc24 | b000 0000 | 4883 ff00 | 0f84 be00 | 0000 488b | 9424 b800 | 0000 8b72 
  0x000001ec52838ba0: 108b 5e18 | 4883 fb00 | 4889 bc24 | e000 0000 | 0f85 b000 

  0x000001ec52838bb4: ;   {oop(a 'java/lang/Class'{0x00000000c0bf5520} = 'jdk/internal/access/SharedSecrets')}
  0x000001ec52838bb4: 0000 48bb | 2055 bfc0 | 0000 0000 | 8b9b 8000 | 0000 8b46 | 1048 83fb | 000f 8421 

  0x000001ec52838bd0: ;   {metadata('java/lang/System$2')}
  0x000001ec52838bd0: 0000 0049 | bb30 4906 | 0001 0000 | 0044 8b4b | 0849 c1e1 | 034d 3b59 | 380f 8549 | 0100 00e9 
  0x000001ec52838bf0: 0000 0000 | 488b cb48 | 3b03 483b | 0048 8bd0 | 4889 b424 | d800 0000 | 0f1f 8000 

  0x000001ec52838c0c: ;   {optimized virtual_call}
  0x000001ec52838c0c: 0000 00e8 

  0x000001ec52838c10: ; ImmutableOopMap {[192]=Oop [208]=Oop [216]=Oop [224]=Oop [184]=Oop }
                      ;*invokevirtual protectionDomain {reexecute=0 rethrow=0 return_oop=0}
                      ; - java.lang.System$2::protectionDomain@1
                      ; - java.lang.invoke.MethodHandles$Lookup::lookupClassProtectionDomain@17
                      ; - java.lang.invoke.MethodHandles$Lookup$ClassDefiner::defineClass@23
  0x000001ec52838c10: 0c0a 2200 | 450f be47 | 3841 83f8 | 0048 8bb4 | 24d8 0000 | 000f 851c | 0100 004c | 8bd0 4489 
  0x000001ec52838c30: 5618 f083 | 4424 c000 | 4c8b c64c | 33c0 49c1 | e814 4983 | f800 0f85 | 1701 0000 | 488b d8e9 
  0x000001ec52838c50: 1200 0000 | 4889 bc24 | e000 0000 

  0x000001ec52838c5c: ;   {oop(NULL)}
  0x000001ec52838c5c: 48bb 0000 | 0000 0000 | 0000 488b | bc24 e000 | 0000 488b | b424 c000 | 0000 488b | 9424 b800 
  0x000001ec52838c7c: ;   {oop(a 'java/lang/Class'{0x00000000c0bf5520} = 'jdk/internal/access/SharedSecrets')}
  0x000001ec52838c7c: 0000 49b8 | 2055 bfc0 | 0000 0000 | 458b a880 | 0000 008b | 4a14 448b | 7218 448b | 4a0c 4983 
  0x000001ec52838c9c: fd00 0f84 | 2100 0000 

  0x000001ec52838ca4: ;   {metadata('java/lang/System$2')}
  0x000001ec52838ca4: 48b8 3049 | 0600 0100 | 0000 458b | 5d08 49c1 | e303 493b | 4338 0f85 | bb00 0000 | e900 0000 
  0x000001ec52838cc4: 004d 8bc5 

  0x000001ec52838cc8: ; implicit exception: dispatches to 0x000001ec52838d80
  0x000001ec52838cc8: 493b 4500 | 4c8b c749 | 8bd1 4c8b | ce48 8bf9 | 498b f648 | 8bcb 8b9c | 24c8 0000 | 0089 1c24 
  0x000001ec52838ce8: 8954 2408 | 488b 9424 | d000 0000 | 4889 5424 | 1049 8bd5 

  0x000001ec52838cfc: ;   {optimized virtual_call}
  0x000001ec52838cfc: 6666 90e8 

  0x000001ec52838d00: ; ImmutableOopMap {[192]=Oop [184]=Oop }
                      ;*invokeinterface defineClass {reexecute=0 rethrow=0 return_oop=0}
                      ; - java.lang.invoke.MethodHandles$Lookup$ClassDefiner::defineClass@54
  0x000001ec52838d00: 3c06 0000 | 4881 c4f0 | 0000 005d 

  0x000001ec52838d0c: ;   {poll_return}
  0x000001ec52838d0c: 493b a750 | 0300 000f | 876c 0000 

  0x000001ec52838d18: ;   {runtime_call throw_null_pointer_exception Runtime1 stub}
  0x000001ec52838d18: 00c3 e801 

  0x000001ec52838d1c: ; ImmutableOopMap {rdx=Oop [184]=Oop r9=Oop [208]=Oop }
                      ;*invokevirtual lookupClass {reexecute=0 rethrow=0 return_oop=0}
                      ; - java.lang.invoke.MethodHandles$Lookup$ClassDefiner::defineClass@4
                      ;   {runtime_call throw_null_pointer_exception Runtime1 stub}
  0x000001ec52838d1c: a4d7 ffe8 

  0x000001ec52838d20: ; ImmutableOopMap {rdx=Oop [184]=Oop r9=Oop [208]=Oop rsi=Oop [192]=Oop }
                      ;*invokevirtual getClassLoader {reexecute=0 rethrow=0 return_oop=0}
                      ; - java.lang.invoke.MethodHandles$Lookup$ClassDefiner::defineClass@9
  0x000001ec52838d20: fca3 d7ff 

  0x000001ec52838d24: ;   {runtime_call throw_null_pointer_exception Runtime1 stub}
  0x000001ec52838d24: e8f7 a3d7 

  0x000001ec52838d28: ; ImmutableOopMap {[192]=Oop [184]=Oop [176]=Oop [208]=Oop rdx=Oop }
                      ;*invokevirtual getClassLoader0 {reexecute=0 rethrow=0 return_oop=0}
                      ; - java.lang.ClassLoader::getClassLoader@7
                      ; - java.lang.ClassLoader::checkClassLoaderPermission@9
                      ; - java.lang.Class::getClassLoader@23
                      ; - java.lang.invoke.MethodHandles$Lookup$ClassDefiner::defineClass@9
                      ;   {runtime_call throw_null_pointer_exception Runtime1 stub}
  0x000001ec52838d28: ffe8 f2a3 

  0x000001ec52838d2c: ; ImmutableOopMap {[192]=Oop [184]=Oop [208]=Oop rdx=Oop rdi=Oop [176]=Oop r8=Oop }
                      ;*invokevirtual isAncestor {reexecute=0 rethrow=0 return_oop=0}
                      ; - java.lang.ClassLoader::needsClassLoaderPermissionCheck@15
                      ; - java.lang.ClassLoader::checkClassLoaderPermission@15
                      ; - java.lang.Class::getClassLoader@23
                      ; - java.lang.invoke.MethodHandles$Lookup$ClassDefiner::defineClass@9
                      ;   {runtime_call throw_null_pointer_exception Runtime1 stub}
  0x000001ec52838d2c: d7ff e8ed 

  0x000001ec52838d30: ; ImmutableOopMap {[192]=Oop [184]=Oop [208]=Oop rdx=Oop rdi=Oop [176]=Oop r8=Oop }
                      ;*getfield parent {reexecute=1 rethrow=0 return_oop=0}
                      ; - (reexecute) java.lang.ClassLoader::isAncestor@3
                      ; - java.lang.ClassLoader::needsClassLoaderPermissionCheck@15
                      ; - java.lang.ClassLoader::checkClassLoaderPermission@15
                      ; - java.lang.Class::getClassLoader@23
                      ; - java.lang.invoke.MethodHandles$Lookup$ClassDefiner::defineClass@9
                      ;   {runtime_call throw_null_pointer_exception Runtime1 stub}
  0x000001ec52838d30: a3d7 ffe8 

  0x000001ec52838d34: ; ImmutableOopMap {[192]=Oop [208]=Oop rdi=Oop rdx=Oop [184]=Oop rsi=Oop }
                      ;*invokevirtual lookupClassProtectionDomain {reexecute=0 rethrow=0 return_oop=0}
                      ; - java.lang.invoke.MethodHandles$Lookup$ClassDefiner::defineClass@23
  0x000001ec52838d34: e8a3 d7ff 

  0x000001ec52838d38: ;   {runtime_call throw_incompatible_class_change_error Runtime1 stub}
  0x000001ec52838d38: e8e3 cad7 

  0x000001ec52838d3c: ; ImmutableOopMap {[192]=Oop [208]=Oop [184]=Oop [224]=Oop rsi=Oop rbx=Oop rax=Oop }
                      ;*invokeinterface protectionDomain {reexecute=0 rethrow=0 return_oop=0}
                      ; - java.lang.invoke.MethodHandles$Lookup::lookupClassProtectionDomain@17
                      ; - java.lang.invoke.MethodHandles$Lookup$ClassDefiner::defineClass@23
                      ;   {runtime_call throw_null_pointer_exception Runtime1 stub}
  0x000001ec52838d3c: ffe8 dea3 

  0x000001ec52838d40: ; ImmutableOopMap {[192]=Oop [208]=Oop [184]=Oop [224]=Oop rsi=Oop rax=Oop }
                      ;*invokeinterface protectionDomain {reexecute=0 rethrow=0 return_oop=0}
                      ; - java.lang.invoke.MethodHandles$Lookup::lookupClassProtectionDomain@17
                      ; - java.lang.invoke.MethodHandles$Lookup$ClassDefiner::defineClass@23
                      ;   {runtime_call throw_null_pointer_exception Runtime1 stub}
  0x000001ec52838d40: d7ff e8d9 

  0x000001ec52838d44: ; ImmutableOopMap {[192]=Oop [208]=Oop [184]=Oop [224]=Oop rsi=Oop rax=Oop }
                      ;*invokevirtual protectionDomain {reexecute=0 rethrow=0 return_oop=0}
                      ; - java.lang.System$2::protectionDomain@1
                      ; - java.lang.invoke.MethodHandles$Lookup::lookupClassProtectionDomain@17
                      ; - java.lang.invoke.MethodHandles$Lookup$ClassDefiner::defineClass@23
  0x000001ec52838d44: a3d7 ff44 | 8b46 1849 | 83f8 000f | 84d6 feff | ff4c 8904 

  0x000001ec52838d58: ;   {runtime_call g1_pre_barrier_slow}
  0x000001ec52838d58: 24e8 a2fa | d7ff e9c8 | feff ff48 | 83f8 000f | 84df feff | ff48 8934 

  0x000001ec52838d70: ;   {runtime_call g1_post_barrier_slow}
  0x000001ec52838d70: 24e8 8afd | d7ff e9d1 

  0x000001ec52838d78: ;   {runtime_call throw_incompatible_class_change_error Runtime1 stub}
  0x000001ec52838d78: feff ffe8 

  0x000001ec52838d7c: ; ImmutableOopMap {rbx=Oop rdi=Oop rsi=Oop [192]=Oop [208]=Oop r13=Oop rcx=Oop r14=Oop [184]=Oop }
                      ;*invokeinterface defineClass {reexecute=0 rethrow=0 return_oop=0}
                      ; - java.lang.invoke.MethodHandles$Lookup$ClassDefiner::defineClass@54
  0x000001ec52838d7c: a0ca d7ff 

  0x000001ec52838d80: ;   {runtime_call throw_null_pointer_exception Runtime1 stub}
  0x000001ec52838d80: e89b a3d7 

  0x000001ec52838d84: ; ImmutableOopMap {rbx=Oop rdi=Oop rsi=Oop [192]=Oop [208]=Oop r13=Oop rcx=Oop r14=Oop [184]=Oop }
                      ;*invokeinterface defineClass {reexecute=0 rethrow=0 return_oop=0}
                      ; - java.lang.invoke.MethodHandles$Lookup$ClassDefiner::defineClass@54
                      ;   {internal_word}
  0x000001ec52838d84: ff49 ba0c | 8d83 52ec | 0100 004d | 8997 6803 

  0x000001ec52838d94: ;   {runtime_call SafepointBlob}
  0x000001ec52838d94: 0000 e965 | eccd ff90 | 9049 8b87 | e003 0000 | 49c7 87e0 | 0300 0000 | 0000 0049 | c787 e803 
  0x000001ec52838db4: 0000 0000 | 0000 4881 | c4f0 0000 

  0x000001ec52838dc0: ;   {runtime_call unwind_exception Runtime1 stub}
  0x000001ec52838dc0: 005d e939 | 94d7 fff4 | f4f4 f4f4 | f4f4 f4f4 | f4f4 f4f4 | f4f4 f4f4 | f4f4 f4f4 | f4f4 f4f4 
[Stub Code]
  0x000001ec52838de0: ;   {no_reloc}
  0x000001ec52838de0: 0f1f 4400 

  0x000001ec52838de4: ;   {static_stub}
  0x000001ec52838de4: 0048 bb00 | 0000 0000 

  0x000001ec52838dec: ;   {runtime_call}
  0x000001ec52838dec: 0000 00e9 | fbff ffff 

  0x000001ec52838df4: ;   {static_stub}
  0x000001ec52838df4: 9048 bb00 | 0000 0000 

  0x000001ec52838dfc: ;   {runtime_call}
  0x000001ec52838dfc: 0000 00e9 | fbff ffff 

  0x000001ec52838e04: ;   {static_stub}
  0x000001ec52838e04: 9048 bbc8 | 6201 5bec 

  0x000001ec52838e0c: ;   {runtime_call I2C/C2I adapters}
  0x000001ec52838e0c: 0100 00e9 | 3ccf cdff 

  0x000001ec52838e14: ;   {static_stub}
  0x000001ec52838e14: 9048 bb00 | 0000 0000 

  0x000001ec52838e1c: ;   {runtime_call}
  0x000001ec52838e1c: 0000 00e9 | fbff ffff 
[Exception Handler]
  0x000001ec52838e24: ;   {runtime_call handle_exception_from_callee Runtime1 stub}
  0x000001ec52838e24: e8d7 c0d7 

  0x000001ec52838e28: ;   {external_word}
  0x000001ec52838e28: ff48 b940 | 9a57 d1fc | 7f00 0048 

  0x000001ec52838e34: ;   {runtime_call}
  0x000001ec52838e34: 83e4 f049 | ba60 2d20 | d1fc 7f00 | 0041 ffd2 

  0x000001ec52838e44: ;   {section_word}
  0x000001ec52838e44: f449 ba45 | 8e83 52ec | 0100 0041 

  0x000001ec52838e50: ;   {runtime_call DeoptimizationBlob}
  0x000001ec52838e50: 52e9 4ade | cdff f4f4 
[/MachCode]


---------------  P R O C E S S  ---------------

Threads class SMR info:
_java_thread_list=0x000001ec601c2c50, length=12, elements={
0x000001ec4f837910, 0x000001ec5aa80250, 0x000001ec5aa65d20, 0x000001ec5aa88fc0,
0x000001ec5aa89c50, 0x000001ec5aa8d940, 0x000001ec5aa8e820, 0x000001ec5abbed60,
0x000001ec5abbf670, 0x000001ec5adcc6f0, 0x000001ec5add8120, 0x000001ec5addf990
}

Java Threads: ( => current thread )
=>0x000001ec4f837910 JavaThread "main" [_thread_in_vm, id=9488, stack(0x0000005158300000,0x0000005158400000)]
  0x000001ec5aa80250 JavaThread "Reference Handler" daemon [_thread_blocked, id=32356, stack(0x0000005158a00000,0x0000005158b00000)]
  0x000001ec5aa65d20 JavaThread "Finalizer" daemon [_thread_blocked, id=31452, stack(0x0000005158b00000,0x0000005158c00000)]
  0x000001ec5aa88fc0 JavaThread "Signal Dispatcher" daemon [_thread_blocked, id=23164, stack(0x0000005158c00000,0x0000005158d00000)]
  0x000001ec5aa89c50 JavaThread "Attach Listener" daemon [_thread_blocked, id=25320, stack(0x0000005158d00000,0x0000005158e00000)]
  0x000001ec5aa8d940 JavaThread "Service Thread" daemon [_thread_blocked, id=14092, stack(0x0000005158e00000,0x0000005158f00000)]
  0x000001ec5aa8e820 JavaThread "Monitor Deflation Thread" daemon [_thread_blocked, id=30876, stack(0x0000005158f00000,0x0000005159000000)]
  0x000001ec5abbed60 JavaThread "C1 CompilerThread0" daemon [_thread_blocked, id=22488, stack(0x0000005159000000,0x0000005159100000)]
  0x000001ec5abbf670 JavaThread "Sweeper thread" daemon [_thread_blocked, id=18072, stack(0x0000005159100000,0x0000005159200000)]
  0x000001ec5adcc6f0 JavaThread "C1 CompilerThread1" daemon [_thread_blocked, id=5536, stack(0x0000005159200000,0x0000005159300000)]
  0x000001ec5add8120 JavaThread "Notification Thread" daemon [_thread_blocked, id=11072, stack(0x0000005159300000,0x0000005159400000)]
  0x000001ec5addf990 JavaThread "Common-Cleaner" daemon [_thread_blocked, id=15836, stack(0x0000005159500000,0x0000005159600000)]

Other Threads:
  0x000001ec5aa621c0 VMThread "VM Thread" [stack: 0x0000005158900000,0x0000005158a00000] [id=22736]
  0x000001ec5add8600 WatcherThread [stack: 0x0000005159400000,0x0000005159500000] [id=34372]
  0x000001ec4f8760b0 GCTaskThread "GC Thread#0" [stack: 0x0000005158400000,0x0000005158500000] [id=7368]
  0x000001ec5f97fc60 GCTaskThread "GC Thread#1" [stack: 0x0000005159600000,0x0000005159700000] [id=25528]
  0x000001ec5f9f0f60 GCTaskThread "GC Thread#2" [stack: 0x0000005159700000,0x0000005159800000] [id=32364]
  0x000001ec5fa34130 GCTaskThread "GC Thread#3" [stack: 0x0000005159800000,0x0000005159900000] [id=28160]
  0x000001ec5fc68b90 GCTaskThread "GC Thread#4" [stack: 0x0000005159900000,0x0000005159a00000] [id=34404]
  0x000001ec5fc449e0 GCTaskThread "GC Thread#5" [stack: 0x0000005159a00000,0x0000005159b00000] [id=16424]
  0x000001ec5ff55140 GCTaskThread "GC Thread#6" [stack: 0x0000005159e00000,0x0000005159f00000] [id=7032]
  0x000001ec5fdb3700 GCTaskThread "GC Thread#7" [stack: 0x0000005159f00000,0x000000515a000000] [id=19080]
  0x000001ec5ff3e860 GCTaskThread "GC Thread#8" [stack: 0x000000515a000000,0x000000515a100000] [id=18504]
  0x000001ec5ff75bf0 GCTaskThread "GC Thread#9" [stack: 0x000000515a100000,0x000000515a200000] [id=31500]
  0x000001ec4f87ef10 ConcurrentGCThread "G1 Main Marker" [stack: 0x0000005158500000,0x0000005158600000] [id=30092]
  0x000001ec4f87f840 ConcurrentGCThread "G1 Conc#0" [stack: 0x0000005158600000,0x0000005158700000] [id=24984]
  0x000001ec5fde77b0 ConcurrentGCThread "G1 Conc#1" [stack: 0x000000515a200000,0x000000515a300000] [id=3036]
  0x000001ec5ff3e450 ConcurrentGCThread "G1 Conc#2" [stack: 0x000000515a300000,0x000000515a400000] [id=34376]
  0x000001ec5a8d4120 ConcurrentGCThread "G1 Refine#0" [stack: 0x0000005158700000,0x0000005158800000] [id=16436]
  0x000001ec5a8d5970 ConcurrentGCThread "G1 Service" [stack: 0x0000005158800000,0x0000005158900000] [id=33152]

Threads with active compile tasks:

VM state: not at safepoint (normal execution)

VM Mutex/Monitor currently owned by a thread:  ([mutex/lock_event])
[0x000001ec4d6038f0] Metaspace_lock - owner thread: 0x000001ec4f837910

Heap address: 0x00000000c0000000, size: 1024 MB, Compressed Oops mode: 32-bit

CDS archive(s) not mapped
Compressed class space mapped at: 0x0000000100000000-0x0000000140000000, reserved size: 1073741824
Narrow klass base: 0x0000000000000000, Narrow klass shift: 3, Narrow klass range: 0x140000000

GC Precious Log:
 CPUs: 12 total, 12 available
 Memory: 7549M
 Large Page Support: Disabled
 NUMA Support: Disabled
 Compressed Oops: Enabled (32-bit)
 Heap Region Size: 1M
 Heap Min Capacity: 8M
 Heap Initial Capacity: 118M
 Heap Max Capacity: 1G
 Pre-touch: Disabled
 Parallel Workers: 10
 Concurrent Workers: 3
 Concurrent Refinement Workers: 10
 Periodic GC: Disabled

Heap:
 garbage-first heap   total 75776K, used 31674K [0x00000000c0000000, 0x0000000100000000)
  region size 1024K, 10 young (10240K), 2 survivors (2048K)
 Metaspace       used 32332K, committed 32704K, reserved 1114112K
  class space    used 4109K, committed 4288K, reserved 1048576K

Heap Regions: E=young(eden), S=young(survivor), O=old, HS=humongous(starts), HC=humongous(continues), CS=collection set, F=free, OA=open archive, CA=closed archive, TAMS=top-at-mark-start (previous, next)
|   0|0x00000000c0000000, 0x00000000c0100000, 0x00000000c0100000|100%|HS|  |TAMS 0x00000000c0100000, 0x00000000c0000000| Complete 
|   1|0x00000000c0100000, 0x00000000c0200000, 0x00000000c0200000|100%|HC|  |TAMS 0x00000000c0200000, 0x00000000c0100000| Complete 
|   2|0x00000000c0200000, 0x00000000c0300000, 0x00000000c0300000|100%|HC|  |TAMS 0x00000000c0300000, 0x00000000c0200000| Complete 
|   3|0x00000000c0300000, 0x00000000c0400000, 0x00000000c0400000|100%|HC|  |TAMS 0x00000000c0400000, 0x00000000c0300000| Complete 
|   4|0x00000000c0400000, 0x00000000c0500000, 0x00000000c0500000|100%|HS|  |TAMS 0x00000000c0500000, 0x00000000c0400000| Complete 
|   5|0x00000000c0500000, 0x00000000c0600000, 0x00000000c0600000|100%|HC|  |TAMS 0x00000000c0600000, 0x00000000c0500000| Complete 
|   6|0x00000000c0600000, 0x00000000c0700000, 0x00000000c0700000|100%| O|  |TAMS 0x00000000c0700000, 0x00000000c0600000| Untracked 
|   7|0x00000000c0700000, 0x00000000c0800000, 0x00000000c0800000|100%| O|  |TAMS 0x00000000c0800000, 0x00000000c0700000| Untracked 
|   8|0x00000000c0800000, 0x00000000c0900000, 0x00000000c0900000|100%| O|  |TAMS 0x00000000c0900000, 0x00000000c0800000| Untracked 
|   9|0x00000000c0900000, 0x00000000c0a00000, 0x00000000c0a00000|100%| O|  |TAMS 0x00000000c0a00000, 0x00000000c0900000| Untracked 
|  10|0x00000000c0a00000, 0x00000000c0b00000, 0x00000000c0b00000|100%| O|  |TAMS 0x00000000c0b00000, 0x00000000c0a00000| Untracked 
|  11|0x00000000c0b00000, 0x00000000c0c00000, 0x00000000c0c00000|100%| O|  |TAMS 0x00000000c0c00000, 0x00000000c0b00000| Untracked 
|  12|0x00000000c0c00000, 0x00000000c0d00000, 0x00000000c0d00000|100%| O|  |TAMS 0x00000000c0d00000, 0x00000000c0c00000| Untracked 
|  13|0x00000000c0d00000, 0x00000000c0e00000, 0x00000000c0e00000|100%| O|  |TAMS 0x00000000c0e00000, 0x00000000c0d00000| Untracked 
|  14|0x00000000c0e00000, 0x00000000c0f00000, 0x00000000c0f00000|100%| O|  |TAMS 0x00000000c0f00000, 0x00000000c0e00000| Untracked 
|  15|0x00000000c0f00000, 0x00000000c0f92600, 0x00000000c1000000| 57%| O|  |TAMS 0x00000000c0f92600, 0x00000000c0f00000| Untracked 
|  16|0x00000000c1000000, 0x00000000c1100000, 0x00000000c1100000|100%| O|  |TAMS 0x00000000c1000000, 0x00000000c1000000| Untracked 
|  17|0x00000000c1100000, 0x00000000c1200000, 0x00000000c1200000|100%| O|  |TAMS 0x00000000c1100000, 0x00000000c1100000| Untracked 
|  18|0x00000000c1200000, 0x00000000c1300000, 0x00000000c1300000|100%| O|  |TAMS 0x00000000c1200000, 0x00000000c1200000| Untracked 
|  19|0x00000000c1300000, 0x00000000c1400000, 0x00000000c1400000|100%| O|  |TAMS 0x00000000c1300000, 0x00000000c1300000| Untracked 
|  20|0x00000000c1400000, 0x00000000c1500000, 0x00000000c1500000|100%| O|  |TAMS 0x00000000c1400000, 0x00000000c1400000| Untracked 
|  21|0x00000000c1500000, 0x00000000c1600000, 0x00000000c1600000|100%| O|  |TAMS 0x00000000c1500000, 0x00000000c1500000| Untracked 
|  22|0x00000000c1600000, 0x00000000c1700000, 0x00000000c1700000|100%| O|  |TAMS 0x00000000c1600000, 0x00000000c1600000| Untracked 
|  23|0x00000000c1700000, 0x00000000c175c400, 0x00000000c1800000| 36%| O|  |TAMS 0x00000000c1700000, 0x00000000c1700000| Untracked 
|  24|0x00000000c1800000, 0x00000000c1800000, 0x00000000c1900000|  0%| F|  |TAMS 0x00000000c1800000, 0x00000000c1800000| Untracked 
|  25|0x00000000c1900000, 0x00000000c1900000, 0x00000000c1a00000|  0%| F|  |TAMS 0x00000000c1900000, 0x00000000c1900000| Untracked 
|  26|0x00000000c1a00000, 0x00000000c1a00000, 0x00000000c1b00000|  0%| F|  |TAMS 0x00000000c1a00000, 0x00000000c1a00000| Untracked 
|  27|0x00000000c1b00000, 0x00000000c1b00000, 0x00000000c1c00000|  0%| F|  |TAMS 0x00000000c1b00000, 0x00000000c1b00000| Untracked 
|  28|0x00000000c1c00000, 0x00000000c1c00000, 0x00000000c1d00000|  0%| F|  |TAMS 0x00000000c1c00000, 0x00000000c1c00000| Untracked 
|  29|0x00000000c1d00000, 0x00000000c1d00000, 0x00000000c1e00000|  0%| F|  |TAMS 0x00000000c1d00000, 0x00000000c1d00000| Untracked 
|  30|0x00000000c1e00000, 0x00000000c1e00000, 0x00000000c1f00000|  0%| F|  |TAMS 0x00000000c1e00000, 0x00000000c1e00000| Untracked 
|  31|0x00000000c1f00000, 0x00000000c1f00000, 0x00000000c2000000|  0%| F|  |TAMS 0x00000000c1f00000, 0x00000000c1f00000| Untracked 
|  32|0x00000000c2000000, 0x00000000c2000000, 0x00000000c2100000|  0%| F|  |TAMS 0x00000000c2000000, 0x00000000c2000000| Untracked 
|  33|0x00000000c2100000, 0x00000000c2100000, 0x00000000c2200000|  0%| F|  |TAMS 0x00000000c2100000, 0x00000000c2100000| Untracked 
|  34|0x00000000c2200000, 0x00000000c2200000, 0x00000000c2300000|  0%| F|  |TAMS 0x00000000c2200000, 0x00000000c2200000| Untracked 
|  35|0x00000000c2300000, 0x00000000c2300000, 0x00000000c2400000|  0%| F|  |TAMS 0x00000000c2300000, 0x00000000c2300000| Untracked 
|  36|0x00000000c2400000, 0x00000000c2400000, 0x00000000c2500000|  0%| F|  |TAMS 0x00000000c2400000, 0x00000000c2400000| Untracked 
|  37|0x00000000c2500000, 0x00000000c2500000, 0x00000000c2600000|  0%| F|  |TAMS 0x00000000c2500000, 0x00000000c2500000| Untracked 
|  38|0x00000000c2600000, 0x00000000c2600000, 0x00000000c2700000|  0%| F|  |TAMS 0x00000000c2600000, 0x00000000c2600000| Untracked 
|  39|0x00000000c2700000, 0x00000000c2700000, 0x00000000c2800000|  0%| F|  |TAMS 0x00000000c2700000, 0x00000000c2700000| Untracked 
|  40|0x00000000c2800000, 0x00000000c2800000, 0x00000000c2900000|  0%| F|  |TAMS 0x00000000c2800000, 0x00000000c2800000| Untracked 
|  41|0x00000000c2900000, 0x00000000c2900000, 0x00000000c2a00000|  0%| F|  |TAMS 0x00000000c2900000, 0x00000000c2900000| Untracked 
|  42|0x00000000c2a00000, 0x00000000c2a00000, 0x00000000c2b00000|  0%| F|  |TAMS 0x00000000c2a00000, 0x00000000c2a00000| Untracked 
|  43|0x00000000c2b00000, 0x00000000c2b00000, 0x00000000c2c00000|  0%| F|  |TAMS 0x00000000c2b00000, 0x00000000c2b00000| Untracked 
|  44|0x00000000c2c00000, 0x00000000c2c00000, 0x00000000c2d00000|  0%| F|  |TAMS 0x00000000c2c00000, 0x00000000c2c00000| Untracked 
|  45|0x00000000c2d00000, 0x00000000c2d00000, 0x00000000c2e00000|  0%| F|  |TAMS 0x00000000c2d00000, 0x00000000c2d00000| Untracked 
|  46|0x00000000c2e00000, 0x00000000c2f00000, 0x00000000c2f00000|100%| S|CS|TAMS 0x00000000c2e00000, 0x00000000c2e00000| Complete 
|  47|0x00000000c2f00000, 0x00000000c3000000, 0x00000000c3000000|100%| S|CS|TAMS 0x00000000c2f00000, 0x00000000c2f00000| Complete 
|  48|0x00000000c3000000, 0x00000000c3000000, 0x00000000c3100000|  0%| F|  |TAMS 0x00000000c3000000, 0x00000000c3000000| Untracked 
|  49|0x00000000c3100000, 0x00000000c3100000, 0x00000000c3200000|  0%| F|  |TAMS 0x00000000c3100000, 0x00000000c3100000| Untracked 
|  50|0x00000000c3200000, 0x00000000c3200000, 0x00000000c3300000|  0%| F|  |TAMS 0x00000000c3200000, 0x00000000c3200000| Untracked 
|  51|0x00000000c3300000, 0x00000000c3300000, 0x00000000c3400000|  0%| F|  |TAMS 0x00000000c3300000, 0x00000000c3300000| Untracked 
|  52|0x00000000c3400000, 0x00000000c3400000, 0x00000000c3500000|  0%| F|  |TAMS 0x00000000c3400000, 0x00000000c3400000| Untracked 
|  53|0x00000000c3500000, 0x00000000c3500000, 0x00000000c3600000|  0%| F|  |TAMS 0x00000000c3500000, 0x00000000c3500000| Untracked 
|  54|0x00000000c3600000, 0x00000000c3600000, 0x00000000c3700000|  0%| F|  |TAMS 0x00000000c3600000, 0x00000000c3600000| Untracked 
|  55|0x00000000c3700000, 0x00000000c3700000, 0x00000000c3800000|  0%| F|  |TAMS 0x00000000c3700000, 0x00000000c3700000| Untracked 
|  56|0x00000000c3800000, 0x00000000c3800000, 0x00000000c3900000|  0%| F|  |TAMS 0x00000000c3800000, 0x00000000c3800000| Untracked 
|  57|0x00000000c3900000, 0x00000000c3900000, 0x00000000c3a00000|  0%| F|  |TAMS 0x00000000c3900000, 0x00000000c3900000| Untracked 
|  58|0x00000000c3a00000, 0x00000000c3a00000, 0x00000000c3b00000|  0%| F|  |TAMS 0x00000000c3a00000, 0x00000000c3a00000| Untracked 
|  59|0x00000000c3b00000, 0x00000000c3b00000, 0x00000000c3c00000|  0%| F|  |TAMS 0x00000000c3b00000, 0x00000000c3b00000| Untracked 
|  60|0x00000000c3c00000, 0x00000000c3c00000, 0x00000000c3d00000|  0%| F|  |TAMS 0x00000000c3c00000, 0x00000000c3c00000| Untracked 
|  61|0x00000000c3d00000, 0x00000000c3d00000, 0x00000000c3e00000|  0%| F|  |TAMS 0x00000000c3d00000, 0x00000000c3d00000| Untracked 
|  62|0x00000000c3e00000, 0x00000000c3e00000, 0x00000000c3f00000|  0%| F|  |TAMS 0x00000000c3e00000, 0x00000000c3e00000| Untracked 
|  63|0x00000000c3f00000, 0x00000000c3f00000, 0x00000000c4000000|  0%| F|  |TAMS 0x00000000c3f00000, 0x00000000c3f00000| Untracked 
|  64|0x00000000c4000000, 0x00000000c4000000, 0x00000000c4100000|  0%| F|  |TAMS 0x00000000c4000000, 0x00000000c4000000| Untracked 
|  65|0x00000000c4100000, 0x00000000c4100000, 0x00000000c4200000|  0%| F|  |TAMS 0x00000000c4100000, 0x00000000c4100000| Untracked 
|  66|0x00000000c4200000, 0x00000000c42739f0, 0x00000000c4300000| 45%| E|  |TAMS 0x00000000c4200000, 0x00000000c4200000| Complete 
|  67|0x00000000c4300000, 0x00000000c4400000, 0x00000000c4400000|100%| E|CS|TAMS 0x00000000c4300000, 0x00000000c4300000| Complete 
|  79|0x00000000c4f00000, 0x00000000c5000000, 0x00000000c5000000|100%| E|CS|TAMS 0x00000000c4f00000, 0x00000000c4f00000| Complete 
|  80|0x00000000c5000000, 0x00000000c5100000, 0x00000000c5100000|100%| E|CS|TAMS 0x00000000c5000000, 0x00000000c5000000| Complete 
|  81|0x00000000c5100000, 0x00000000c5200000, 0x00000000c5200000|100%| E|  |TAMS 0x00000000c5100000, 0x00000000c5100000| Complete 
|  82|0x00000000c5200000, 0x00000000c5300000, 0x00000000c5300000|100%| E|CS|TAMS 0x00000000c5200000, 0x00000000c5200000| Complete 
|  83|0x00000000c5300000, 0x00000000c5400000, 0x00000000c5400000|100%| E|CS|TAMS 0x00000000c5300000, 0x00000000c5300000| Complete 
| 117|0x00000000c7500000, 0x00000000c7600000, 0x00000000c7600000|100%| E|CS|TAMS 0x00000000c7500000, 0x00000000c7500000| Complete 

Card table byte_map: [0x000001ec559f0000,0x000001ec55bf0000] _byte_map_base: 0x000001ec553f0000

Marking Bits (Prev, Next): (CMBitMap*) 0x000001ec4f876620, (CMBitMap*) 0x000001ec4f8765e0
 Prev Bits: [0x000001ec56df0000, 0x000001ec57df0000)
 Next Bits: [0x000001ec55df0000, 0x000001ec56df0000)

Polling page: 0x000001ec4d7c0000

Metaspace:

Usage:
  Non-class:     27.56 MB used.
      Class:      4.01 MB used.
       Both:     31.58 MB used.

Virtual space:
  Non-class space:       64.00 MB reserved,      27.75 MB ( 43%) committed,  1 nodes.
      Class space:        1.00 GB reserved,       4.19 MB ( <1%) committed,  1 nodes.
             Both:        1.06 GB reserved,      31.94 MB (  3%) committed. 

Chunk freelists:
   Non-Class:  3.83 MB
       Class:  11.69 MB
        Both:  15.51 MB

MaxMetaspaceSize: unlimited
CompressedClassSpaceSize: 1.00 GB
Initial GC threshold: 21.00 MB
Current GC threshold: 35.25 MB
CDS: off
MetaspaceReclaimPolicy: balanced
 - commit_granule_bytes: 65536.
 - commit_granule_words: 8192.
 - virtual_space_node_default_size: 8388608.
 - enlarge_chunks_in_place: 1.
 - new_chunks_are_fully_committed: 0.
 - uncommit_free_chunks: 1.
 - use_allocation_guard: 0.
 - handle_deallocations: 1.


Internal statistics:

num_allocs_failed_limit: 5.
num_arena_births: 424.
num_arena_deaths: 0.
num_vsnodes_births: 2.
num_vsnodes_deaths: 0.
num_space_committed: 511.
num_space_uncommitted: 0.
num_chunks_returned_to_freelist: 5.
num_chunks_taken_from_freelist: 1299.
num_chunk_merges: 5.
num_chunk_splits: 898.
num_chunks_enlarged: 681.
num_inconsistent_stats: 0.

CodeCache: size=49152Kb used=6345Kb max_used=6727Kb free=42806Kb
 bounds [0x000001ec524c0000, 0x000001ec52b60000, 0x000001ec554c0000]
 total_blobs=3593 nmethods=3074 adapters=444
 compilation: enabled
              stopped_count=0, restarted_count=0
 full_count=0

Compilation events (20 events):
Event: 5.571 Thread 0x000001ec5abbed60 nmethod 3061 0x000001ec52a0f910 code [0x000001ec52a0fb20, 0x000001ec52a0ffa8]
Event: 5.571 Thread 0x000001ec5abbed60 3057       1       java.lang.StackStreamFactory$FrameBuffer::getIndex (5 bytes)
Event: 5.571 Thread 0x000001ec5abbed60 nmethod 3057 0x000001ec52a0f610 code [0x000001ec52a0f7a0, 0x000001ec52a0f878]
Event: 5.571 Thread 0x000001ec5adcc6f0 nmethod 3065 0x000001ec52a0ea10 code [0x000001ec52a0ec60, 0x000001ec52a0f328]
Event: 5.573 Thread 0x000001ec5abbed60 3066       1       jdk.internal.event.SecurityProviderServiceEvent::isEnabled (2 bytes)
Event: 5.573 Thread 0x000001ec5abbed60 nmethod 3066 0x000001ec52a0e710 code [0x000001ec52a0e8a0, 0x000001ec52a0e978]
Event: 5.578 Thread 0x000001ec5abbed60 3067       1       java.lang.invoke.Invokers$Holder::linkToTargetMethod (11 bytes)
Event: 5.578 Thread 0x000001ec5abbed60 nmethod 3067 0x000001ec52a0e390 code [0x000001ec52a0e540, 0x000001ec52a0e658]
Event: 5.670 Thread 0x000001ec5abbed60 3068       1       java.lang.invoke.DirectMethodHandle$Holder::newInvokeSpecial (28 bytes)
Event: 5.671 Thread 0x000001ec5abbed60 nmethod 3068 0x000001ec52a0de90 code [0x000001ec52a0e040, 0x000001ec52a0e1e8]
Event: 5.685 Thread 0x000001ec5abbed60 3069       1       java.lang.ThreadLocal$ThreadLocalMap::nextIndex (15 bytes)
Event: 5.685 Thread 0x000001ec5abbed60 nmethod 3069 0x000001ec52a0db90 code [0x000001ec52a0dd20, 0x000001ec52a0ddd8]
Event: 5.688 Thread 0x000001ec5abbed60 3070       1       java.lang.invoke.MethodHandle::maybeCustomize (38 bytes)
Event: 5.688 Thread 0x000001ec5abbed60 nmethod 3070 0x000001ec52a0d710 code [0x000001ec52a0d8c0, 0x000001ec52a0da88]
Event: 5.689 Thread 0x000001ec5abbed60 3071       1       java.lang.invoke.LambdaFormEditor$TransformKey::packedBytes (75 bytes)
Event: 5.689 Thread 0x000001ec5adcc6f0 3072       1       java.lang.invoke.LambdaFormEditor$TransformKey::of (79 bytes)
Event: 5.689 Thread 0x000001ec5abbed60 nmethod 3071 0x000001ec52a0d210 code [0x000001ec52a0d3c0, 0x000001ec52a0d5b8]
Event: 5.689 Thread 0x000001ec5adcc6f0 nmethod 3072 0x000001ec52a0cb90 code [0x000001ec52a0cd40, 0x000001ec52a0d068]
Event: 5.689 Thread 0x000001ec5adcc6f0 3074       1       java.lang.invoke.LambdaForm$NamedFunction::<init> (15 bytes)
Event: 5.689 Thread 0x000001ec5adcc6f0 nmethod 3074 0x000001ec52a0c510 code [0x000001ec52a0c6a0, 0x000001ec52a0c7f8]

GC Heap History (10 events):
Event: 1.130 GC heap before
{Heap before GC invocations=0 (full 0):
 garbage-first heap   total 120832K, used 28672K [0x00000000c0000000, 0x0000000100000000)
  region size 1024K, 23 young (23552K), 0 survivors (0K)
 Metaspace       used 8277K, committed 8448K, reserved 1114112K
  class space    used 931K, committed 1024K, reserved 1048576K
}
Event: 1.140 GC heap after
{Heap after GC invocations=1 (full 0):
 garbage-first heap   total 120832K, used 15704K [0x00000000c0000000, 0x0000000100000000)
  region size 1024K, 3 young (3072K), 3 survivors (3072K)
 Metaspace       used 8277K, committed 8448K, reserved 1114112K
  class space    used 931K, committed 1024K, reserved 1048576K
}
Event: 2.036 GC heap before
{Heap before GC invocations=1 (full 0):
 garbage-first heap   total 120832K, used 38232K [0x00000000c0000000, 0x0000000100000000)
  region size 1024K, 25 young (25600K), 3 survivors (3072K)
 Metaspace       used 13944K, committed 14208K, reserved 1114112K
  class space    used 1728K, committed 1856K, reserved 1048576K
}
Event: 2.043 GC heap after
{Heap after GC invocations=2 (full 0):
 garbage-first heap   total 120832K, used 17671K [0x00000000c0000000, 0x0000000100000000)
  region size 1024K, 2 young (2048K), 2 survivors (2048K)
 Metaspace       used 13944K, committed 14208K, reserved 1114112K
  class space    used 1728K, committed 1856K, reserved 1048576K
}
Event: 2.591 GC heap before
{Heap before GC invocations=2 (full 0):
 garbage-first heap   total 120832K, used 49415K [0x00000000c0000000, 0x0000000100000000)
  region size 1024K, 34 young (34816K), 2 survivors (2048K)
 Metaspace       used 21278K, committed 21504K, reserved 1114112K
  class space    used 2613K, committed 2752K, reserved 1048576K
}
Event: 2.597 GC heap after
{Heap after GC invocations=3 (full 0):
 garbage-first heap   total 120832K, used 20664K [0x00000000c0000000, 0x0000000100000000)
  region size 1024K, 5 young (5120K), 5 survivors (5120K)
 Metaspace       used 21278K, committed 21504K, reserved 1114112K
  class space    used 2613K, committed 2752K, reserved 1048576K
}
Event: 3.847 GC heap before
{Heap before GC invocations=4 (full 0):
 garbage-first heap   total 75776K, used 56504K [0x00000000c0000000, 0x0000000100000000)
  region size 1024K, 42 young (43008K), 5 survivors (5120K)
 Metaspace       used 27820K, committed 28096K, reserved 1114112K
  class space    used 3462K, committed 3584K, reserved 1048576K
}
Event: 3.856 GC heap after
{Heap after GC invocations=5 (full 0):
 garbage-first heap   total 75776K, used 23696K [0x00000000c0000000, 0x0000000100000000)
  region size 1024K, 6 young (6144K), 6 survivors (6144K)
 Metaspace       used 27820K, committed 28096K, reserved 1114112K
  class space    used 3462K, committed 3584K, reserved 1048576K
}
Event: 5.480 GC heap before
{Heap before GC invocations=5 (full 0):
 garbage-first heap   total 75776K, used 50320K [0x00000000c0000000, 0x0000000100000000)
  region size 1024K, 32 young (32768K), 6 survivors (6144K)
 Metaspace       used 32071K, committed 32512K, reserved 1114112K
  class space    used 4072K, committed 4288K, reserved 1048576K
}
Event: 5.491 GC heap after
{Heap after GC invocations=6 (full 0):
 garbage-first heap   total 75776K, used 25530K [0x00000000c0000000, 0x0000000100000000)
  region size 1024K, 2 young (2048K), 2 survivors (2048K)
 Metaspace       used 32071K, committed 32512K, reserved 1114112K
  class space    used 4072K, committed 4288K, reserved 1048576K
}

Dll operation events (6 events):
Event: 0.008 Loaded shared library c:\Users\socia\.vscode\extensions\redhat.java-1.29.0-win32-x64\jre\17.0.10-win32-x86_64\bin\java.dll
Event: 0.277 Loaded shared library C:\Users\socia\.vscode\extensions\redhat.java-1.29.0-win32-x64\jre\17.0.10-win32-x86_64\bin\net.dll
Event: 0.280 Loaded shared library C:\Users\socia\.vscode\extensions\redhat.java-1.29.0-win32-x64\jre\17.0.10-win32-x86_64\bin\nio.dll
Event: 0.292 Loaded shared library C:\Users\socia\.vscode\extensions\redhat.java-1.29.0-win32-x64\jre\17.0.10-win32-x86_64\bin\zip.dll
Event: 0.658 Loaded shared library C:\Users\socia\.vscode\extensions\redhat.java-1.29.0-win32-x64\jre\17.0.10-win32-x86_64\bin\jimage.dll
Event: 2.533 Loaded shared library c:\Users\socia\.vscode\extensions\redhat.java-1.29.0-win32-x64\jre\17.0.10-win32-x86_64\bin\verify.dll

Deoptimization events (0 events):
No events

Classes unloaded (0 events):
No events

Classes redefined (0 events):
No events

Internal exceptions (20 events):
Event: 4.810 Thread 0x000001ec4f837910 Exception <a 'java/lang/NoSuchMethodError'{0x00000000c40fd8c8}: 'int java.lang.invoke.DirectMethodHandle$Holder.invokeVirtual(java.lang.Object, java.lang.Object, java.lang.Object)'> (0x00000000c40fd8c8) 
thrown [s\src\hotspot\share\interpreter\linkResolver.cpp, line 759]
Event: 4.810 Thread 0x000001ec4f837910 Exception <a 'java/lang/NoSuchMethodError'{0x00000000c3f01ec0}: 'int java.lang.invoke.DirectMethodHandle$Holder.invokeStaticInit(java.lang.Object, int, int)'> (0x00000000c3f01ec0) 
thrown [s\src\hotspot\share\interpreter\linkResolver.cpp, line 759]
Event: 4.811 Thread 0x000001ec4f837910 Exception <a 'java/lang/NoSuchMethodError'{0x00000000c3f097a8}: 'int java.lang.invoke.DirectMethodHandle$Holder.invokeStaticInit(java.lang.Object, long, long)'> (0x00000000c3f097a8) 
thrown [s\src\hotspot\share\interpreter\linkResolver.cpp, line 759]
Event: 4.811 Thread 0x000001ec4f837910 Exception <a 'java/lang/NoSuchMethodError'{0x00000000c3f105f8}: 'int java.lang.invoke.DirectMethodHandle$Holder.invokeStaticInit(java.lang.Object, float, float)'> (0x00000000c3f105f8) 
thrown [s\src\hotspot\share\interpreter\linkResolver.cpp, line 759]
Event: 4.811 Thread 0x000001ec4f837910 Exception <a 'java/lang/NoSuchMethodError'{0x00000000c3f17450}: 'int java.lang.invoke.DirectMethodHandle$Holder.invokeStaticInit(java.lang.Object, double, double)'> (0x00000000c3f17450) 
thrown [s\src\hotspot\share\interpreter\linkResolver.cpp, line 759]
Event: 4.812 Thread 0x000001ec4f837910 Exception <a 'java/lang/NoSuchMethodError'{0x00000000c3f1ba20}: 'int java.lang.invoke.DirectMethodHandle$Holder.invokeStatic(java.lang.Object, long)'> (0x00000000c3f1ba20) 
thrown [s\src\hotspot\share\interpreter\linkResolver.cpp, line 759]
Event: 4.813 Thread 0x000001ec4f837910 Exception <a 'java/lang/NoSuchMethodError'{0x00000000c3f40548}: 'int java.lang.invoke.DirectMethodHandle$Holder.invokeSpecial(java.lang.Object, java.lang.Object, int)'> (0x00000000c3f40548) 
thrown [s\src\hotspot\share\interpreter\linkResolver.cpp, line 759]
Event: 4.813 Thread 0x000001ec4f837910 Exception <a 'java/lang/NoSuchMethodError'{0x00000000c3f47e40}: 'int java.lang.invoke.Invokers$Holder.linkToTargetMethod(java.lang.Object, java.lang.Object)'> (0x00000000c3f47e40) 
thrown [s\src\hotspot\share\interpreter\linkResolver.cpp, line 759]
Event: 4.830 Thread 0x000001ec4f837910 Exception <a 'java/lang/NoSuchMethodError'{0x00000000c3e36d88}: 'java.lang.Object java.lang.invoke.DirectMethodHandle$Holder.invokeSpecial(java.lang.Object, java.lang.Object, java.lang.Object, java.lang.Object, java.lang.Object, java.lang.Object, java.lang.Object, java.lang.Object, java.lang.Object, java.lang.Object)'> (0x00000000c3e36d88) 
thrown [s\src\hotspot\share\interpreter\linkResolver.cpp, line 759]
Event: 4.830 Thread 0x000001ec4f837910 Exception <a 'java/lang/NoSuchMethodError'{0x00000000c3e3b370}: 'java.lang.Object java.lang.invoke.Invokers$Holder.invoke_MT(java.lang.Object, java.lang.Object, java.lang.Object, java.lang.Object, java.lang.Object, java.lang.Object, java.lang.Object, java.lang.Object, java.lang.Object, java.lang.Object)'> (0x00000000c3e3b370) 
thrown [s\src\hotspot\share\interpreter\linkResolver.cpp, line 759]
Event: 4.836 Thread 0x000001ec4f837910 Exception <a 'java/lang/NoSuchMethodError'{0x00000000c3e826e8}: 'java.lang.Object java.lang.invoke.DirectMethodHandle$Holder.invokeSpecial(java.lang.Object, java.lang.Object, int, java.lang.Object, java.lang.Object)'> (0x00000000c3e826e8) 
thrown [s\src\hotspot\share\interpreter\linkResolver.cpp, line 759]
Event: 4.836 Thread 0x000001ec4f837910 Exception <a 'java/lang/NoSuchMethodError'{0x00000000c3e86390}: 'java.lang.Object java.lang.invoke.DelegatingMethodHandle$Holder.delegate(java.lang.Object, int, java.lang.Object, java.lang.Object)'> (0x00000000c3e86390) 
thrown [s\src\hotspot\share\interpreter\linkResolver.cpp, line 759]
Event: 4.838 Thread 0x000001ec4f837910 Exception <a 'java/lang/NoSuchMethodError'{0x00000000c3e97218}: 'int java.lang.invoke.Invokers$Holder.linkToTargetMethod(java.lang.Object, java.lang.Object, java.lang.Object)'> (0x00000000c3e97218) 
thrown [s\src\hotspot\share\interpreter\linkResolver.cpp, line 759]
Event: 4.970 Thread 0x000001ec4f837910 Exception <a 'java/lang/NoSuchMethodError'{0x00000000c392a978}: 'java.lang.Object java.lang.invoke.DirectMethodHandle$Holder.invokeStaticInit(java.lang.Object, int, int, int, int)'> (0x00000000c392a978) 
thrown [s\src\hotspot\share\interpreter\linkResolver.cpp, line 759]
Event: 5.074 Thread 0x000001ec4f837910 Exception <a 'java/lang/NoSuchMethodError'{0x00000000c3813560}: 'java.lang.Object java.lang.invoke.DirectMethodHandle$Holder.invokeStaticInit(java.lang.Object, java.lang.Object, int, int, int, int)'> (0x00000000c3813560) 
thrown [s\src\hotspot\share\interpreter\linkResolver.cpp, line 759]
Event: 5.434 Thread 0x000001ec4f837910 Exception <a 'java/lang/NoSuchMethodError'{0x00000000c305bab8}: 'void java.lang.invoke.DirectMethodHandle$Holder.invokeSpecialIFC(java.lang.Object, java.lang.Object, java.lang.Object)'> (0x00000000c305bab8) 
thrown [s\src\hotspot\share\interpreter\linkResolver.cpp, line 759]
Event: 5.688 Thread 0x000001ec4f837910 Exception <a 'java/io/IOException'{0x00000000c420a148}> (0x00000000c420a148) 
thrown [s\src\hotspot\share\prims\jni.cpp, line 516]
Event: 5.688 Thread 0x000001ec4f837910 Exception <a 'java/lang/NoClassDefFoundError'{0x00000000c420ad40}: org/springframework/ide/vscode/boot/app/BootLanguageServerBootApp$2> (0x00000000c420ad40) 
thrown [s\src\hotspot\share\classfile\systemDictionary.cpp, line 245]
Event: 5.688 Thread 0x000001ec4f837910 Exception <a 'java/lang/reflect/InvocationTargetException'{0x00000000c420b2b8}> (0x00000000c420b2b8) 
thrown [s\src\hotspot\share\runtime\reflection.cpp, line 1121]
Event: 5.689 Thread 0x000001ec4f837910 Exception <a 'java/lang/NoSuchMethodError'{0x00000000c4215860}: 'void java.lang.invoke.DirectMethodHandle$Holder.invokeInterface(java.lang.Object, java.lang.Object)'> (0x00000000c4215860) 
thrown [s\src\hotspot\share\interpreter\linkResolver.cpp, line 759]

VM Operations (20 events):
Event: 2.600 Executing VM operation: G1PauseRemark
Event: 2.601 Executing VM operation: G1PauseRemark done
Event: 2.602 Executing VM operation: G1PauseCleanup
Event: 2.605 Executing VM operation: G1PauseCleanup done
Event: 2.841 Executing VM operation: HandshakeAllThreads
Event: 2.841 Executing VM operation: HandshakeAllThreads done
Event: 2.879 Executing VM operation: HandshakeAllThreads
Event: 2.879 Executing VM operation: HandshakeAllThreads done
Event: 3.847 Executing VM operation: G1CollectForAllocation
Event: 3.856 Executing VM operation: G1CollectForAllocation done
Event: 4.819 Executing VM operation: HandshakeAllThreads
Event: 4.819 Executing VM operation: HandshakeAllThreads done
Event: 4.946 Executing VM operation: HandshakeAllThreads
Event: 4.946 Executing VM operation: HandshakeAllThreads done
Event: 4.946 Executing VM operation: Cleanup
Event: 4.946 Executing VM operation: Cleanup done
Event: 4.981 Executing VM operation: HandshakeAllThreads
Event: 4.981 Executing VM operation: HandshakeAllThreads done
Event: 5.480 Executing VM operation: G1CollectForAllocation
Event: 5.491 Executing VM operation: G1CollectForAllocation done

Events (20 events):
Event: 5.329 loading class java/util/concurrent/ForkJoinTask$Aux
Event: 5.329 loading class java/util/concurrent/ForkJoinTask$Aux done
Event: 5.430 loading class java/util/Collections$2
Event: 5.430 loading class java/util/Collections$2 done
Event: 5.430 loading class java/nio/file/PathMatcher
Event: 5.430 loading class java/nio/file/PathMatcher done
Event: 5.430 loading class sun/nio/fs/Globs
Event: 5.430 loading class sun/nio/fs/Globs done
Event: 5.430 loading class java/util/regex/Pattern$SliceU
Event: 5.430 loading class java/util/regex/Pattern$SliceU done
Event: 5.430 loading class sun/nio/fs/WindowsFileSystem$2
Event: 5.430 loading class sun/nio/fs/WindowsFileSystem$2 done
Event: 5.479 loading class java/util/concurrent/CancellationException
Event: 5.479 loading class java/util/concurrent/CancellationException done
Event: 5.515 loading class java/util/concurrent/CompletionException
Event: 5.515 loading class java/util/concurrent/CompletionException done
Event: 5.683 loading class java/util/regex/Pattern$Caret
Event: 5.683 loading class java/util/regex/Pattern$Caret done
Event: 5.688 loading class java/io/InterruptedIOException
Event: 5.688 loading class java/io/InterruptedIOException done


Dynamic libraries:
0x00007ff7e5cd0000 - 0x00007ff7e5cde000 	c:\Users\socia\.vscode\extensions\redhat.java-1.29.0-win32-x64\jre\17.0.10-win32-x86_64\bin\java.exe
0x00007ffd66550000 - 0x00007ffd66766000 	C:\WINDOWS\SYSTEM32\ntdll.dll
0x00007ffd64fa0000 - 0x00007ffd65064000 	C:\WINDOWS\System32\KERNEL32.DLL
0x00007ffd63a50000 - 0x00007ffd63df7000 	C:\WINDOWS\System32\KERNELBASE.dll
0x00007ffd63e70000 - 0x00007ffd63f81000 	C:\WINDOWS\System32\ucrtbase.dll
0x00007ffd3ac80000 - 0x00007ffd3ac9b000 	c:\Users\socia\.vscode\extensions\redhat.java-1.29.0-win32-x64\jre\17.0.10-win32-x86_64\bin\VCRUNTIME140.dll
0x00007ffd3b100000 - 0x00007ffd3b117000 	c:\Users\socia\.vscode\extensions\redhat.java-1.29.0-win32-x64\jre\17.0.10-win32-x86_64\bin\jli.dll
0x00007ffd661b0000 - 0x00007ffd6635e000 	C:\WINDOWS\System32\USER32.dll
0x00007ffd63f90000 - 0x00007ffd63fb6000 	C:\WINDOWS\System32\win32u.dll
0x00007ffd4de40000 - 0x00007ffd4e0d3000 	C:\WINDOWS\WinSxS\amd64_microsoft.windows.common-controls_6595b64144ccf1df_6.0.22621.3235_none_270f74e173860f98\COMCTL32.dll
0x00007ffd64f60000 - 0x00007ffd64f89000 	C:\WINDOWS\System32\GDI32.dll
0x00007ffd66020000 - 0x00007ffd660c7000 	C:\WINDOWS\System32\msvcrt.dll
0x00007ffd63930000 - 0x00007ffd63a49000 	C:\WINDOWS\System32\gdi32full.dll
0x00007ffd64040000 - 0x00007ffd640da000 	C:\WINDOWS\System32\msvcp_win.dll
0x00007ffd65170000 - 0x00007ffd651a1000 	C:\WINDOWS\System32\IMM32.DLL
0x00007ffd3ad60000 - 0x00007ffd3ad6c000 	c:\Users\socia\.vscode\extensions\redhat.java-1.29.0-win32-x64\jre\17.0.10-win32-x86_64\bin\vcruntime140_1.dll
0x00007ffd0d590000 - 0x00007ffd0d61d000 	c:\Users\socia\.vscode\extensions\redhat.java-1.29.0-win32-x64\jre\17.0.10-win32-x86_64\bin\msvcp140.dll
0x00007ffcd0c50000 - 0x00007ffcd18b2000 	c:\Users\socia\.vscode\extensions\redhat.java-1.29.0-win32-x64\jre\17.0.10-win32-x86_64\bin\server\jvm.dll
0x00007ffd65e20000 - 0x00007ffd65ed2000 	C:\WINDOWS\System32\ADVAPI32.dll
0x00007ffd64280000 - 0x00007ffd64328000 	C:\WINDOWS\System32\sechost.dll
0x00007ffd64250000 - 0x00007ffd64278000 	C:\WINDOWS\System32\bcrypt.dll
0x00007ffd65ee0000 - 0x00007ffd65ff5000 	C:\WINDOWS\System32\RPCRT4.dll
0x00007ffd626e0000 - 0x00007ffd6272d000 	C:\WINDOWS\SYSTEM32\POWRPROF.dll
0x00007ffd50540000 - 0x00007ffd50549000 	C:\WINDOWS\SYSTEM32\WSOCK32.dll
0x00007ffd64430000 - 0x00007ffd644a1000 	C:\WINDOWS\System32\WS2_32.dll
0x00007ffd5d2e0000 - 0x00007ffd5d2ea000 	C:\WINDOWS\SYSTEM32\VERSION.dll
0x00007ffd5d920000 - 0x00007ffd5d954000 	C:\WINDOWS\SYSTEM32\WINMM.dll
0x00007ffd626c0000 - 0x00007ffd626d3000 	C:\WINDOWS\SYSTEM32\UMPDC.dll
0x00007ffd628d0000 - 0x00007ffd628e8000 	C:\WINDOWS\SYSTEM32\kernel.appcore.dll
0x00007ffd3ac00000 - 0x00007ffd3ac0a000 	c:\Users\socia\.vscode\extensions\redhat.java-1.29.0-win32-x64\jre\17.0.10-win32-x86_64\bin\jimage.dll
0x00007ffd61250000 - 0x00007ffd61483000 	C:\WINDOWS\SYSTEM32\DBGHELP.DLL
0x00007ffd64670000 - 0x00007ffd649f8000 	C:\WINDOWS\System32\combase.dll
0x00007ffd660d0000 - 0x00007ffd661a7000 	C:\WINDOWS\System32\OLEAUT32.dll
0x00007ffd5bd80000 - 0x00007ffd5bdb2000 	C:\WINDOWS\SYSTEM32\dbgcore.DLL
0x00007ffd63fc0000 - 0x00007ffd64039000 	C:\WINDOWS\System32\bcryptPrimitives.dll
0x00007ffd3a690000 - 0x00007ffd3a6b5000 	c:\Users\socia\.vscode\extensions\redhat.java-1.29.0-win32-x64\jre\17.0.10-win32-x86_64\bin\java.dll
0x00007ffd3a100000 - 0x00007ffd3a118000 	c:\Users\socia\.vscode\extensions\redhat.java-1.29.0-win32-x64\jre\17.0.10-win32-x86_64\bin\zip.dll
0x00007ffd652b0000 - 0x00007ffd65b0c000 	C:\WINDOWS\System32\SHELL32.dll
0x00007ffd617b0000 - 0x00007ffd620a9000 	C:\WINDOWS\SYSTEM32\windows.storage.dll
0x00007ffd61670000 - 0x00007ffd617ae000 	C:\WINDOWS\SYSTEM32\wintypes.dll
0x00007ffd65c70000 - 0x00007ffd65d63000 	C:\WINDOWS\System32\SHCORE.dll
0x00007ffd64a10000 - 0x00007ffd64a6e000 	C:\WINDOWS\System32\shlwapi.dll
0x00007ffd637a0000 - 0x00007ffd637c1000 	C:\WINDOWS\SYSTEM32\profapi.dll
0x00007ffd39f80000 - 0x00007ffd39f99000 	C:\Users\socia\.vscode\extensions\redhat.java-1.29.0-win32-x64\jre\17.0.10-win32-x86_64\bin\net.dll
0x00007ffd5e0b0000 - 0x00007ffd5e1e6000 	C:\WINDOWS\SYSTEM32\WINHTTP.dll
0x00007ffd62de0000 - 0x00007ffd62e49000 	C:\WINDOWS\system32\mswsock.dll
0x00007ffd396c0000 - 0x00007ffd396d6000 	C:\Users\socia\.vscode\extensions\redhat.java-1.29.0-win32-x64\jre\17.0.10-win32-x86_64\bin\nio.dll
0x00007ffd3a8e0000 - 0x00007ffd3a8f0000 	c:\Users\socia\.vscode\extensions\redhat.java-1.29.0-win32-x64\jre\17.0.10-win32-x86_64\bin\verify.dll
0x00007ffd63000000 - 0x00007ffd6301b000 	C:\WINDOWS\SYSTEM32\CRYPTSP.dll
0x00007ffd628f0000 - 0x00007ffd62925000 	C:\WINDOWS\system32\rsaenh.dll
0x00007ffd62ea0000 - 0x00007ffd62ec8000 	C:\WINDOWS\SYSTEM32\USERENV.dll
0x00007ffd63020000 - 0x00007ffd6302c000 	C:\WINDOWS\SYSTEM32\CRYPTBASE.dll
0x00007ffd62380000 - 0x00007ffd623ad000 	C:\WINDOWS\SYSTEM32\IPHLPAPI.DLL
0x00007ffd64f90000 - 0x00007ffd64f99000 	C:\WINDOWS\System32\NSI.dll
0x00007ffd5df80000 - 0x00007ffd5df99000 	C:\WINDOWS\SYSTEM32\dhcpcsvc6.DLL
0x00007ffd5dd90000 - 0x00007ffd5ddaf000 	C:\WINDOWS\SYSTEM32\dhcpcsvc.DLL
0x00007ffd623f0000 - 0x00007ffd624e9000 	C:\WINDOWS\SYSTEM32\DNSAPI.dll

dbghelp: loaded successfully - version: 4.0.5 - missing functions: none
symbol engine: initialized successfully - sym options: 0x614 - pdb path: .;c:\Users\socia\.vscode\extensions\redhat.java-1.29.0-win32-x64\jre\17.0.10-win32-x86_64\bin;C:\WINDOWS\SYSTEM32;C:\WINDOWS\WinSxS\amd64_microsoft.windows.common-controls_6595b64144ccf1df_6.0.22621.3235_none_270f74e173860f98;c:\Users\socia\.vscode\extensions\redhat.java-1.29.0-win32-x64\jre\17.0.10-win32-x86_64\bin\server

VM Arguments:
jvm_args: -XX:+HeapDumpOnOutOfMemoryError -Xmx1024m -Dsts.lsp.client=vscode -Dsts.log.file=/dev/null -XX:TieredStopAtLevel=1 -Xlog:jni+resolve=off -Dspring.config.location=file:c:\Users\socia\.vscode\extensions\vmware.vscode-spring-boot-1.53.0\language-server\BOOT-INF\classes\application.properties 
java_command: org.springframework.ide.vscode.boot.app.BootLanguageServerBootApp
java_class_path (initial): c:\Users\socia\.vscode\extensions\vmware.vscode-spring-boot-1.53.0\language-server\BOOT-INF\classes;c:\Users\socia\.vscode\extensions\vmware.vscode-spring-boot-1.53.0\language-server\BOOT-INF\lib\annotations-24.1.0.jar;c:\Users\socia\.vscode\extensions\vmware.vscode-spring-boot-1.53.0\language-server\BOOT-INF\lib\antlr4-runtime-4.11.1.jar;c:\Users\socia\.vscode\extensions\vmware.vscode-spring-boot-1.53.0\language-server\BOOT-INF\lib\asm-9.6.jar;c:\Users\socia\.vscode\extensions\vmware.vscode-spring-boot-1.53.0\language-server\BOOT-INF\lib\asm-analysis-9.6.jar;c:\Users\socia\.vscode\extensions\vmware.vscode-spring-boot-1.53.0\language-server\BOOT-INF\lib\asm-tree-9.6.jar;c:\Users\socia\.vscode\extensions\vmware.vscode-spring-boot-1.53.0\language-server\BOOT-INF\lib\asm-util-9.6.jar;c:\Users\socia\.vscode\extensions\vmware.vscode-spring-boot-1.53.0\language-server\BOOT-INF\lib\caffeine-3.1.8.jar;c:\Users\socia\.vscode\extensions\vmware.vscode-spring-boot-1.53.0\language-server\BOOT-INF\lib\checker-qual-3.12.0.jar;c:\Users\socia\.vscode\extensions\vmware.vscode-spring-boot-1.53.0\language-server\BOOT-INF\lib\classgraph-4.8.149.jar;c:\Users\socia\.vscode\extensions\vmware.vscode-spring-boot-1.53.0\language-server\BOOT-INF\lib\commons-codec-1.16.1.jar;c:\Users\socia\.vscode\extensions\vmware.vscode-spring-boot-1.53.0\language-server\BOOT-INF\lib\commons-compress-1.26.0.jar;c:\Users\socia\.vscode\extensions\vmware.vscode-spring-boot-1.53.0\language-server\BOOT-INF\lib\commons-io-2.4.jar;c:\Users\socia\.vscode\extensions\vmware.vscode-spring-boot-1.53.0\language-server\BOOT-INF\lib\commons-java-1.53.0-SNAPSHOT.jar;c:\Users\socia\.vscode\extensions\vmware.vscode-spring-boot-1.53.0\language-server\BOOT-INF\lib\commons-lang3-3.13.0.jar;c:\Users\socia\.vscode\extensions\vmware.vscode-spring-boot-1.53.0\language-server\BOOT-INF\lib\commons-language-server-1.53.0-SNAPSHOT.jar;c:\Users\socia\.vscode\extensions\vmware.vscode-spring-boot-1.53.0\language
Launcher Type: SUN_STANDARD

[Global flags]
     intx CICompilerCount                          = 4                                         {product} {ergonomic}
     uint ConcGCThreads                            = 3                                         {product} {ergonomic}
     uint G1ConcRefinementThreads                  = 10                                        {product} {ergonomic}
   size_t G1HeapRegionSize                         = 1048576                                   {product} {ergonomic}
    uintx GCDrainStackTargetSize                   = 64                                        {product} {ergonomic}
     bool HeapDumpOnOutOfMemoryError               = true                                   {manageable} {command line}
   size_t InitialHeapSize                          = 123731968                                 {product} {ergonomic}
   size_t MarkStackSize                            = 4194304                                   {product} {ergonomic}
   size_t MaxHeapSize                              = 1073741824                                {product} {command line}
   size_t MaxNewSize                               = 643825664                                 {product} {ergonomic}
   size_t MinHeapDeltaBytes                        = 1048576                                   {product} {ergonomic}
   size_t MinHeapSize                              = 8388608                                   {product} {ergonomic}
    uintx NonProfiledCodeHeapSize                  = 0                                      {pd product} {ergonomic}
     bool ProfileInterpreter                       = false                                  {pd product} {command line}
    uintx ProfiledCodeHeapSize                     = 0                                      {pd product} {ergonomic}
   size_t SoftMaxHeapSize                          = 1073741824                             {manageable} {ergonomic}
     intx TieredStopAtLevel                        = 1                                         {product} {command line}
     bool UseCompressedClassPointers               = true                           {product lp64_product} {ergonomic}
     bool UseCompressedOops                        = true                           {product lp64_product} {ergonomic}
     bool UseG1GC                                  = true                                      {product} {ergonomic}
     bool UseLargePagesIndividualAllocation        = false                                  {pd product} {ergonomic}

Logging:
Log output configuration:
 #0: stdout all=warning,jni+resolve=off uptime,level,tags
 #1: stderr all=off uptime,level,tags

Environment Variables:
JAVA_HOME=C:\Program Files\Java\jdk-16.0.2
PATH=C:\Program Files\Common Files\Oracle\Java\javapath;C:\Windows\system32;C:\Windows;C:\Windows\System32\Wbem;C:\Windows\System32\WindowsPowerShell\v1.0\;C:\Windows\System32\OpenSSH\;C:\Program Files (x86)\NVIDIA Corporation\PhysX\Common;C:\Program Files\NVIDIA Corporation\NVIDIA NvDLISR;C:\Program Files\Java\jdk-16.0.2\bin;C:\Program Files\MySQL\MySQL Server 8.0\bin;C:\WINDOWS\system32;C:\WINDOWS;C:\WINDOWS\System32\Wbem;C:\WINDOWS\System32\WindowsPowerShell\v1.0\;C:\WINDOWS\System32\OpenSSH\;C:\TDM-GCC-64\bin;C:\Program Files\dotnet\;C:\Program Files\Git\cmd;C:\Program Files\GitHub CLI\;C:\Program Files\nodejs\;C:\ProgramData\chocolatey\bin;C:\Users\socia\AppData\Local\Programs\Python\Python310\Scripts\;C:\Users\socia\AppData\Local\Programs\Python\Python310\;C:\Program Files\MySQL\MySQL Shell 8.0\bin\;C:\Users\socia\AppData\Local\Microsoft\WindowsApps;C:\Users\socia\AppData\Local\Programs\Microsoft VS Code\bin;C:\Program Files\JetBrains\IntelliJ IDEA Community Edition 2021.2.3\bin;C:\Program Files\heroku\bin;C:\Users\socia\AppData\Local\Microsoft\WindowsApps;C:\Users\socia\go\bin;C:\Program Files\JetBrains\PyCharm Community Edition 2022.3.3\bin;C:\Users\socia\AppData\Local\GitHubDesktop\bin;C:\Users\socia\AppData\Roaming\npm
USERNAME=socia
OS=Windows_NT
PROCESSOR_IDENTIFIER=AMD64 Family 23 Model 96 Stepping 1, AuthenticAMD
TMP=C:\Users\socia\AppData\Local\Temp
TEMP=C:\Users\socia\AppData\Local\Temp



Periodic native trim disabled


---------------  S Y S T E M  ---------------

OS:
 Windows 11 , 64 bit Build 22621 (10.0.22621.3374)
OS uptime: 5 days 7:50 hours
Hyper-V role detected

CPU: total 12 (initial active 12) (12 cores per cpu, 2 threads per core) family 23 model 96 stepping 1 microcode 0x0, cx8, cmov, fxsr, ht, mmx, 3dnowpref, sse, sse2, sse3, ssse3, sse4a, sse4.1, sse4.2, popcnt, lzcnt, tsc, tscinvbit, avx, avx2, aes, clmul, bmi1, bmi2, adx, sha, fma, vzeroupper, clflush, clflushopt, hv
Processor Information for all 12 processors :
  Max Mhz: 3000, Current Mhz: 3000, Mhz Limit: 3000

Memory: 4k page, system-wide physical 7549M (326M free)
TotalPageFile size 31101M (AvailPageFile size 0M)
current process WorkingSet (physical memory assigned to process): 151M, peak: 151M
current process commit charge ("private bytes"): 198M, peak: 228M

vm_info: OpenJDK 64-Bit Server VM (17.0.10+7) for windows-amd64 JRE (17.0.10+7), built on Jan 16 2024 23:25:11 by "admin" with MS VC++ 16.10 / 16.11 (VS2019)

END.
